CRITICAL - 2025-06-29 13:22:02 --> TypeError: json_decode(): Argument #1 ($json) must be of type string, array given
[Method: POST, Route: import_data]
in APPPATH/Controllers/ApiController.php on line 1146.
 1 APPPATH/Controllers/ApiController.php(1146): json_decode()
 2 SYSTEMPATH/CodeIgniter.php(933): App\Controllers\ApiController->importData()
 3 SYSTEMPATH/CodeIgniter.php(507): CodeIgniter\CodeIgniter->runController()
 4 SYSTEMPATH/CodeIgniter.php(354): CodeIgniter\CodeIgniter->handleRequest()
 5 SYSTEMPATH/Boot.php(334): CodeIgniter\CodeIgniter->run()
 6 SYSTEMPATH/Boot.php(67): CodeIgniter\Boot::runCodeIgniter()
 7 FCPATH/index.php(59): CodeIgniter\Boot::bootWeb()
CRITICAL - 2025-06-29 13:25:06 --> TypeError: json_decode(): Argument #1 ($json) must be of type string, array given
[Method: POST, Route: import_data]
in APPPATH/Controllers/ApiController.php on line 1147.
 1 APPPATH/Controllers/ApiController.php(1147): json_decode()
 2 SYSTEMPATH/CodeIgniter.php(933): App\Controllers\ApiController->importData()
 3 SYSTEMPATH/CodeIgniter.php(507): CodeIgniter\CodeIgniter->runController()
 4 SYSTEMPATH/CodeIgniter.php(354): CodeIgniter\CodeIgniter->handleRequest()
 5 SYSTEMPATH/Boot.php(334): CodeIgniter\CodeIgniter->run()
 6 SYSTEMPATH/Boot.php(67): CodeIgniter\Boot::runCodeIgniter()
 7 FCPATH/index.php(59): CodeIgniter\Boot::bootWeb()
CRITICAL - 2025-06-29 13:31:55 --> CodeIgniter\Database\Exceptions\DataException: There is no data to insert.
[Method: POST, Route: import_data]
in SYSTEMPATH/BaseModel.php on line 829.
 1 SYSTEMPATH/BaseModel.php(829): CodeIgniter\Database\Exceptions\DataException::forEmptyDataset()
 2 SYSTEMPATH/Model.php(800): CodeIgniter\BaseModel->insert()
 3 APPPATH/Controllers/ApiController.php(1159): CodeIgniter\Model->insert()
 4 SYSTEMPATH/CodeIgniter.php(933): App\Controllers\ApiController->importData()
 5 SYSTEMPATH/CodeIgniter.php(507): CodeIgniter\CodeIgniter->runController()
 6 SYSTEMPATH/CodeIgniter.php(354): CodeIgniter\CodeIgniter->handleRequest()
 7 SYSTEMPATH/Boot.php(334): CodeIgniter\CodeIgniter->run()
 8 SYSTEMPATH/Boot.php(67): CodeIgniter\Boot::runCodeIgniter()
 9 FCPATH/index.php(59): CodeIgniter\Boot::bootWeb()
CRITICAL - 2025-06-29 13:39:51 --> CodeIgniter\Database\Exceptions\DataException: There is no data to insert.
[Method: POST, Route: import_data]
in SYSTEMPATH/BaseModel.php on line 829.
 1 SYSTEMPATH/BaseModel.php(829): CodeIgniter\Database\Exceptions\DataException::forEmptyDataset()
 2 SYSTEMPATH/Model.php(800): CodeIgniter\BaseModel->insert()
 3 APPPATH/Controllers/ApiController.php(1159): CodeIgniter\Model->insert()
 4 SYSTEMPATH/CodeIgniter.php(933): App\Controllers\ApiController->importData()
 5 SYSTEMPATH/CodeIgniter.php(507): CodeIgniter\CodeIgniter->runController()
 6 SYSTEMPATH/CodeIgniter.php(354): CodeIgniter\CodeIgniter->handleRequest()
 7 SYSTEMPATH/Boot.php(334): CodeIgniter\CodeIgniter->run()
 8 SYSTEMPATH/Boot.php(67): CodeIgniter\Boot::runCodeIgniter()
 9 FCPATH/index.php(59): CodeIgniter\Boot::bootWeb()
