ERROR - 2025-09-12 09:07:21 --> mysqli_sql_exception: Column 'mobile_no' cannot be null in /var/www/gofresha.in/services/vendor/codeigniter4/framework/system/Database/MySQLi/Connection.php:327
Stack trace:
#0 /var/www/gofresha.in/services/vendor/codeigniter4/framework/system/Database/MySQLi/Connection.php(327): mysqli->query()
#1 /var/www/gofresha.in/services/vendor/codeigniter4/framework/system/Database/BaseConnection.php(738): CodeIgniter\Database\MySQLi\Connection->execute()
#2 /var/www/gofresha.in/services/vendor/codeigniter4/framework/system/Database/BaseConnection.php(652): CodeIgniter\Database\BaseConnection->simpleQuery()
#3 /var/www/gofresha.in/services/vendor/codeigniter4/framework/system/Database/BaseBuilder.php(2345): CodeIgniter\Database\BaseConnection->query()
#4 /var/www/gofresha.in/services/vendor/codeigniter4/framework/system/Model.php(394): CodeIgniter\Database\BaseBuilder->insert()
#5 /var/www/gofresha.in/services/vendor/codeigniter4/framework/system/BaseModel.php(843): CodeIgniter\Model->doInsert()
#6 /var/www/gofresha.in/services/vendor/codeigniter4/framework/system/Model.php(800): CodeIgniter\BaseModel->insert()
#7 /var/www/gofresha.in/services/app/Controllers/StoresApiController.php(247): CodeIgniter\Model->insert()
#8 /var/www/gofresha.in/services/vendor/codeigniter4/framework/system/CodeIgniter.php(933): App\Controllers\StoresApiController->registrationProcess()
#9 /var/www/gofresha.in/services/vendor/codeigniter4/framework/system/CodeIgniter.php(507): CodeIgniter\CodeIgniter->runController()
#10 /var/www/gofresha.in/services/vendor/codeigniter4/framework/system/CodeIgniter.php(354): CodeIgniter\CodeIgniter->handleRequest()
#11 /var/www/gofresha.in/services/vendor/codeigniter4/framework/system/Boot.php(334): CodeIgniter\CodeIgniter->run()
#12 /var/www/gofresha.in/services/vendor/codeigniter4/framework/system/Boot.php(67): CodeIgniter\Boot::runCodeIgniter()
#13 /var/www/gofresha.in/services/index.php(59): CodeIgniter\Boot::bootWeb()
#14 {main}
CRITICAL - 2025-09-12 09:07:21 --> CodeIgniter\Database\Exceptions\DatabaseException: Column 'mobile_no' cannot be null
[Method: POST, Route: registrationProcess]
in SYSTEMPATH/Database/BaseConnection.php on line 692.
 1 SYSTEMPATH/Database/BaseBuilder.php(2345): CodeIgniter\Database\BaseConnection->query()
 2 SYSTEMPATH/Model.php(394): CodeIgniter\Database\BaseBuilder->insert()
 3 SYSTEMPATH/BaseModel.php(843): CodeIgniter\Model->doInsert()
 4 SYSTEMPATH/Model.php(800): CodeIgniter\BaseModel->insert()
 5 APPPATH/Controllers/StoresApiController.php(247): CodeIgniter\Model->insert()
 6 SYSTEMPATH/CodeIgniter.php(933): App\Controllers\StoresApiController->registrationProcess()
 7 SYSTEMPATH/CodeIgniter.php(507): CodeIgniter\CodeIgniter->runController()
 8 SYSTEMPATH/CodeIgniter.php(354): CodeIgniter\CodeIgniter->handleRequest()
 9 SYSTEMPATH/Boot.php(334): CodeIgniter\CodeIgniter->run()
10 SYSTEMPATH/Boot.php(67): CodeIgniter\Boot::runCodeIgniter()
11 FCPATH/index.php(59): CodeIgniter\Boot::bootWeb()
CRITICAL - 2025-09-12 09:07:21 --> [Caused by] CodeIgniter\Database\Exceptions\DatabaseException: Column 'mobile_no' cannot be null
in SYSTEMPATH/Database/MySQLi/Connection.php on line 332.
 1 SYSTEMPATH/Database/BaseConnection.php(738): CodeIgniter\Database\MySQLi\Connection->execute()
 2 SYSTEMPATH/Database/BaseConnection.php(652): CodeIgniter\Database\BaseConnection->simpleQuery()
 3 SYSTEMPATH/Database/BaseBuilder.php(2345): CodeIgniter\Database\BaseConnection->query()
 4 SYSTEMPATH/Model.php(394): CodeIgniter\Database\BaseBuilder->insert()
 5 SYSTEMPATH/BaseModel.php(843): CodeIgniter\Model->doInsert()
 6 SYSTEMPATH/Model.php(800): CodeIgniter\BaseModel->insert()
 7 APPPATH/Controllers/StoresApiController.php(247): CodeIgniter\Model->insert()
 8 SYSTEMPATH/CodeIgniter.php(933): App\Controllers\StoresApiController->registrationProcess()
 9 SYSTEMPATH/CodeIgniter.php(507): CodeIgniter\CodeIgniter->runController()
10 SYSTEMPATH/CodeIgniter.php(354): CodeIgniter\CodeIgniter->handleRequest()
11 SYSTEMPATH/Boot.php(334): CodeIgniter\CodeIgniter->run()
12 SYSTEMPATH/Boot.php(67): CodeIgniter\Boot::runCodeIgniter()
13 FCPATH/index.php(59): CodeIgniter\Boot::bootWeb()
CRITICAL - 2025-09-12 09:07:21 --> [Caused by] mysqli_sql_exception: Column 'mobile_no' cannot be null
in SYSTEMPATH/Database/MySQLi/Connection.php on line 327.
 1 SYSTEMPATH/Database/MySQLi/Connection.php(327): mysqli->query()
 2 SYSTEMPATH/Database/BaseConnection.php(738): CodeIgniter\Database\MySQLi\Connection->execute()
 3 SYSTEMPATH/Database/BaseConnection.php(652): CodeIgniter\Database\BaseConnection->simpleQuery()
 4 SYSTEMPATH/Database/BaseBuilder.php(2345): CodeIgniter\Database\BaseConnection->query()
 5 SYSTEMPATH/Model.php(394): CodeIgniter\Database\BaseBuilder->insert()
 6 SYSTEMPATH/BaseModel.php(843): CodeIgniter\Model->doInsert()
 7 SYSTEMPATH/Model.php(800): CodeIgniter\BaseModel->insert()
 8 APPPATH/Controllers/StoresApiController.php(247): CodeIgniter\Model->insert()
 9 SYSTEMPATH/CodeIgniter.php(933): App\Controllers\StoresApiController->registrationProcess()
10 SYSTEMPATH/CodeIgniter.php(507): CodeIgniter\CodeIgniter->runController()
11 SYSTEMPATH/CodeIgniter.php(354): CodeIgniter\CodeIgniter->handleRequest()
12 SYSTEMPATH/Boot.php(334): CodeIgniter\CodeIgniter->run()
13 SYSTEMPATH/Boot.php(67): CodeIgniter\Boot::runCodeIgniter()
14 FCPATH/index.php(59): CodeIgniter\Boot::bootWeb()
ERROR - 2025-09-12 09:07:22 --> mysqli_sql_exception: Column 'mobile_no' cannot be null in /var/www/gofresha.in/services/vendor/codeigniter4/framework/system/Database/MySQLi/Connection.php:327
Stack trace:
#0 /var/www/gofresha.in/services/vendor/codeigniter4/framework/system/Database/MySQLi/Connection.php(327): mysqli->query()
#1 /var/www/gofresha.in/services/vendor/codeigniter4/framework/system/Database/BaseConnection.php(738): CodeIgniter\Database\MySQLi\Connection->execute()
#2 /var/www/gofresha.in/services/vendor/codeigniter4/framework/system/Database/BaseConnection.php(652): CodeIgniter\Database\BaseConnection->simpleQuery()
#3 /var/www/gofresha.in/services/vendor/codeigniter4/framework/system/Database/BaseBuilder.php(2345): CodeIgniter\Database\BaseConnection->query()
#4 /var/www/gofresha.in/services/vendor/codeigniter4/framework/system/Model.php(394): CodeIgniter\Database\BaseBuilder->insert()
#5 /var/www/gofresha.in/services/vendor/codeigniter4/framework/system/BaseModel.php(843): CodeIgniter\Model->doInsert()
#6 /var/www/gofresha.in/services/vendor/codeigniter4/framework/system/Model.php(800): CodeIgniter\BaseModel->insert()
#7 /var/www/gofresha.in/services/app/Controllers/StoresApiController.php(247): CodeIgniter\Model->insert()
#8 /var/www/gofresha.in/services/vendor/codeigniter4/framework/system/CodeIgniter.php(933): App\Controllers\StoresApiController->registrationProcess()
#9 /var/www/gofresha.in/services/vendor/codeigniter4/framework/system/CodeIgniter.php(507): CodeIgniter\CodeIgniter->runController()
#10 /var/www/gofresha.in/services/vendor/codeigniter4/framework/system/CodeIgniter.php(354): CodeIgniter\CodeIgniter->handleRequest()
#11 /var/www/gofresha.in/services/vendor/codeigniter4/framework/system/Boot.php(334): CodeIgniter\CodeIgniter->run()
#12 /var/www/gofresha.in/services/vendor/codeigniter4/framework/system/Boot.php(67): CodeIgniter\Boot::runCodeIgniter()
#13 /var/www/gofresha.in/services/index.php(59): CodeIgniter\Boot::bootWeb()
#14 {main}
CRITICAL - 2025-09-12 09:07:22 --> CodeIgniter\Database\Exceptions\DatabaseException: Column 'mobile_no' cannot be null
[Method: POST, Route: registrationProcess]
in SYSTEMPATH/Database/BaseConnection.php on line 692.
 1 SYSTEMPATH/Database/BaseBuilder.php(2345): CodeIgniter\Database\BaseConnection->query()
 2 SYSTEMPATH/Model.php(394): CodeIgniter\Database\BaseBuilder->insert()
 3 SYSTEMPATH/BaseModel.php(843): CodeIgniter\Model->doInsert()
 4 SYSTEMPATH/Model.php(800): CodeIgniter\BaseModel->insert()
 5 APPPATH/Controllers/StoresApiController.php(247): CodeIgniter\Model->insert()
 6 SYSTEMPATH/CodeIgniter.php(933): App\Controllers\StoresApiController->registrationProcess()
 7 SYSTEMPATH/CodeIgniter.php(507): CodeIgniter\CodeIgniter->runController()
 8 SYSTEMPATH/CodeIgniter.php(354): CodeIgniter\CodeIgniter->handleRequest()
 9 SYSTEMPATH/Boot.php(334): CodeIgniter\CodeIgniter->run()
10 SYSTEMPATH/Boot.php(67): CodeIgniter\Boot::runCodeIgniter()
11 FCPATH/index.php(59): CodeIgniter\Boot::bootWeb()
CRITICAL - 2025-09-12 09:07:22 --> [Caused by] CodeIgniter\Database\Exceptions\DatabaseException: Column 'mobile_no' cannot be null
in SYSTEMPATH/Database/MySQLi/Connection.php on line 332.
 1 SYSTEMPATH/Database/BaseConnection.php(738): CodeIgniter\Database\MySQLi\Connection->execute()
 2 SYSTEMPATH/Database/BaseConnection.php(652): CodeIgniter\Database\BaseConnection->simpleQuery()
 3 SYSTEMPATH/Database/BaseBuilder.php(2345): CodeIgniter\Database\BaseConnection->query()
 4 SYSTEMPATH/Model.php(394): CodeIgniter\Database\BaseBuilder->insert()
 5 SYSTEMPATH/BaseModel.php(843): CodeIgniter\Model->doInsert()
 6 SYSTEMPATH/Model.php(800): CodeIgniter\BaseModel->insert()
 7 APPPATH/Controllers/StoresApiController.php(247): CodeIgniter\Model->insert()
 8 SYSTEMPATH/CodeIgniter.php(933): App\Controllers\StoresApiController->registrationProcess()
 9 SYSTEMPATH/CodeIgniter.php(507): CodeIgniter\CodeIgniter->runController()
10 SYSTEMPATH/CodeIgniter.php(354): CodeIgniter\CodeIgniter->handleRequest()
11 SYSTEMPATH/Boot.php(334): CodeIgniter\CodeIgniter->run()
12 SYSTEMPATH/Boot.php(67): CodeIgniter\Boot::runCodeIgniter()
13 FCPATH/index.php(59): CodeIgniter\Boot::bootWeb()
CRITICAL - 2025-09-12 09:07:22 --> [Caused by] mysqli_sql_exception: Column 'mobile_no' cannot be null
in SYSTEMPATH/Database/MySQLi/Connection.php on line 327.
 1 SYSTEMPATH/Database/MySQLi/Connection.php(327): mysqli->query()
 2 SYSTEMPATH/Database/BaseConnection.php(738): CodeIgniter\Database\MySQLi\Connection->execute()
 3 SYSTEMPATH/Database/BaseConnection.php(652): CodeIgniter\Database\BaseConnection->simpleQuery()
 4 SYSTEMPATH/Database/BaseBuilder.php(2345): CodeIgniter\Database\BaseConnection->query()
 5 SYSTEMPATH/Model.php(394): CodeIgniter\Database\BaseBuilder->insert()
 6 SYSTEMPATH/BaseModel.php(843): CodeIgniter\Model->doInsert()
 7 SYSTEMPATH/Model.php(800): CodeIgniter\BaseModel->insert()
 8 APPPATH/Controllers/StoresApiController.php(247): CodeIgniter\Model->insert()
 9 SYSTEMPATH/CodeIgniter.php(933): App\Controllers\StoresApiController->registrationProcess()
10 SYSTEMPATH/CodeIgniter.php(507): CodeIgniter\CodeIgniter->runController()
11 SYSTEMPATH/CodeIgniter.php(354): CodeIgniter\CodeIgniter->handleRequest()
12 SYSTEMPATH/Boot.php(334): CodeIgniter\CodeIgniter->run()
13 SYSTEMPATH/Boot.php(67): CodeIgniter\Boot::runCodeIgniter()
14 FCPATH/index.php(59): CodeIgniter\Boot::bootWeb()
ERROR - 2025-09-12 09:07:24 --> mysqli_sql_exception: Column 'mobile_no' cannot be null in /var/www/gofresha.in/services/vendor/codeigniter4/framework/system/Database/MySQLi/Connection.php:327
Stack trace:
#0 /var/www/gofresha.in/services/vendor/codeigniter4/framework/system/Database/MySQLi/Connection.php(327): mysqli->query()
#1 /var/www/gofresha.in/services/vendor/codeigniter4/framework/system/Database/BaseConnection.php(738): CodeIgniter\Database\MySQLi\Connection->execute()
#2 /var/www/gofresha.in/services/vendor/codeigniter4/framework/system/Database/BaseConnection.php(652): CodeIgniter\Database\BaseConnection->simpleQuery()
#3 /var/www/gofresha.in/services/vendor/codeigniter4/framework/system/Database/BaseBuilder.php(2345): CodeIgniter\Database\BaseConnection->query()
#4 /var/www/gofresha.in/services/vendor/codeigniter4/framework/system/Model.php(394): CodeIgniter\Database\BaseBuilder->insert()
#5 /var/www/gofresha.in/services/vendor/codeigniter4/framework/system/BaseModel.php(843): CodeIgniter\Model->doInsert()
#6 /var/www/gofresha.in/services/vendor/codeigniter4/framework/system/Model.php(800): CodeIgniter\BaseModel->insert()
#7 /var/www/gofresha.in/services/app/Controllers/StoresApiController.php(247): CodeIgniter\Model->insert()
#8 /var/www/gofresha.in/services/vendor/codeigniter4/framework/system/CodeIgniter.php(933): App\Controllers\StoresApiController->registrationProcess()
#9 /var/www/gofresha.in/services/vendor/codeigniter4/framework/system/CodeIgniter.php(507): CodeIgniter\CodeIgniter->runController()
#10 /var/www/gofresha.in/services/vendor/codeigniter4/framework/system/CodeIgniter.php(354): CodeIgniter\CodeIgniter->handleRequest()
#11 /var/www/gofresha.in/services/vendor/codeigniter4/framework/system/Boot.php(334): CodeIgniter\CodeIgniter->run()
#12 /var/www/gofresha.in/services/vendor/codeigniter4/framework/system/Boot.php(67): CodeIgniter\Boot::runCodeIgniter()
#13 /var/www/gofresha.in/services/index.php(59): CodeIgniter\Boot::bootWeb()
#14 {main}
CRITICAL - 2025-09-12 09:07:24 --> CodeIgniter\Database\Exceptions\DatabaseException: Column 'mobile_no' cannot be null
[Method: POST, Route: registrationProcess]
in SYSTEMPATH/Database/BaseConnection.php on line 692.
 1 SYSTEMPATH/Database/BaseBuilder.php(2345): CodeIgniter\Database\BaseConnection->query()
 2 SYSTEMPATH/Model.php(394): CodeIgniter\Database\BaseBuilder->insert()
 3 SYSTEMPATH/BaseModel.php(843): CodeIgniter\Model->doInsert()
 4 SYSTEMPATH/Model.php(800): CodeIgniter\BaseModel->insert()
 5 APPPATH/Controllers/StoresApiController.php(247): CodeIgniter\Model->insert()
 6 SYSTEMPATH/CodeIgniter.php(933): App\Controllers\StoresApiController->registrationProcess()
 7 SYSTEMPATH/CodeIgniter.php(507): CodeIgniter\CodeIgniter->runController()
 8 SYSTEMPATH/CodeIgniter.php(354): CodeIgniter\CodeIgniter->handleRequest()
 9 SYSTEMPATH/Boot.php(334): CodeIgniter\CodeIgniter->run()
10 SYSTEMPATH/Boot.php(67): CodeIgniter\Boot::runCodeIgniter()
11 FCPATH/index.php(59): CodeIgniter\Boot::bootWeb()
CRITICAL - 2025-09-12 09:07:24 --> [Caused by] CodeIgniter\Database\Exceptions\DatabaseException: Column 'mobile_no' cannot be null
in SYSTEMPATH/Database/MySQLi/Connection.php on line 332.
 1 SYSTEMPATH/Database/BaseConnection.php(738): CodeIgniter\Database\MySQLi\Connection->execute()
 2 SYSTEMPATH/Database/BaseConnection.php(652): CodeIgniter\Database\BaseConnection->simpleQuery()
 3 SYSTEMPATH/Database/BaseBuilder.php(2345): CodeIgniter\Database\BaseConnection->query()
 4 SYSTEMPATH/Model.php(394): CodeIgniter\Database\BaseBuilder->insert()
 5 SYSTEMPATH/BaseModel.php(843): CodeIgniter\Model->doInsert()
 6 SYSTEMPATH/Model.php(800): CodeIgniter\BaseModel->insert()
 7 APPPATH/Controllers/StoresApiController.php(247): CodeIgniter\Model->insert()
 8 SYSTEMPATH/CodeIgniter.php(933): App\Controllers\StoresApiController->registrationProcess()
 9 SYSTEMPATH/CodeIgniter.php(507): CodeIgniter\CodeIgniter->runController()
10 SYSTEMPATH/CodeIgniter.php(354): CodeIgniter\CodeIgniter->handleRequest()
11 SYSTEMPATH/Boot.php(334): CodeIgniter\CodeIgniter->run()
12 SYSTEMPATH/Boot.php(67): CodeIgniter\Boot::runCodeIgniter()
13 FCPATH/index.php(59): CodeIgniter\Boot::bootWeb()
CRITICAL - 2025-09-12 09:07:24 --> [Caused by] mysqli_sql_exception: Column 'mobile_no' cannot be null
in SYSTEMPATH/Database/MySQLi/Connection.php on line 327.
 1 SYSTEMPATH/Database/MySQLi/Connection.php(327): mysqli->query()
 2 SYSTEMPATH/Database/BaseConnection.php(738): CodeIgniter\Database\MySQLi\Connection->execute()
 3 SYSTEMPATH/Database/BaseConnection.php(652): CodeIgniter\Database\BaseConnection->simpleQuery()
 4 SYSTEMPATH/Database/BaseBuilder.php(2345): CodeIgniter\Database\BaseConnection->query()
 5 SYSTEMPATH/Model.php(394): CodeIgniter\Database\BaseBuilder->insert()
 6 SYSTEMPATH/BaseModel.php(843): CodeIgniter\Model->doInsert()
 7 SYSTEMPATH/Model.php(800): CodeIgniter\BaseModel->insert()
 8 APPPATH/Controllers/StoresApiController.php(247): CodeIgniter\Model->insert()
 9 SYSTEMPATH/CodeIgniter.php(933): App\Controllers\StoresApiController->registrationProcess()
10 SYSTEMPATH/CodeIgniter.php(507): CodeIgniter\CodeIgniter->runController()
11 SYSTEMPATH/CodeIgniter.php(354): CodeIgniter\CodeIgniter->handleRequest()
12 SYSTEMPATH/Boot.php(334): CodeIgniter\CodeIgniter->run()
13 SYSTEMPATH/Boot.php(67): CodeIgniter\Boot::runCodeIgniter()
14 FCPATH/index.php(59): CodeIgniter\Boot::bootWeb()
ERROR - 2025-09-12 09:22:15 --> mysqli_sql_exception: Column 'mobile_no' cannot be null in /var/www/gofresha.in/services/vendor/codeigniter4/framework/system/Database/MySQLi/Connection.php:327
Stack trace:
#0 /var/www/gofresha.in/services/vendor/codeigniter4/framework/system/Database/MySQLi/Connection.php(327): mysqli->query()
#1 /var/www/gofresha.in/services/vendor/codeigniter4/framework/system/Database/BaseConnection.php(738): CodeIgniter\Database\MySQLi\Connection->execute()
#2 /var/www/gofresha.in/services/vendor/codeigniter4/framework/system/Database/BaseConnection.php(652): CodeIgniter\Database\BaseConnection->simpleQuery()
#3 /var/www/gofresha.in/services/vendor/codeigniter4/framework/system/Database/BaseBuilder.php(2345): CodeIgniter\Database\BaseConnection->query()
#4 /var/www/gofresha.in/services/vendor/codeigniter4/framework/system/Model.php(394): CodeIgniter\Database\BaseBuilder->insert()
#5 /var/www/gofresha.in/services/vendor/codeigniter4/framework/system/BaseModel.php(843): CodeIgniter\Model->doInsert()
#6 /var/www/gofresha.in/services/vendor/codeigniter4/framework/system/Model.php(800): CodeIgniter\BaseModel->insert()
#7 /var/www/gofresha.in/services/app/Controllers/StoresApiController.php(247): CodeIgniter\Model->insert()
#8 /var/www/gofresha.in/services/vendor/codeigniter4/framework/system/CodeIgniter.php(933): App\Controllers\StoresApiController->registrationProcess()
#9 /var/www/gofresha.in/services/vendor/codeigniter4/framework/system/CodeIgniter.php(507): CodeIgniter\CodeIgniter->runController()
#10 /var/www/gofresha.in/services/vendor/codeigniter4/framework/system/CodeIgniter.php(354): CodeIgniter\CodeIgniter->handleRequest()
#11 /var/www/gofresha.in/services/vendor/codeigniter4/framework/system/Boot.php(334): CodeIgniter\CodeIgniter->run()
#12 /var/www/gofresha.in/services/vendor/codeigniter4/framework/system/Boot.php(67): CodeIgniter\Boot::runCodeIgniter()
#13 /var/www/gofresha.in/services/index.php(59): CodeIgniter\Boot::bootWeb()
#14 {main}
CRITICAL - 2025-09-12 09:22:15 --> CodeIgniter\Database\Exceptions\DatabaseException: Column 'mobile_no' cannot be null
[Method: POST, Route: registrationProcess]
in SYSTEMPATH/Database/BaseConnection.php on line 692.
 1 SYSTEMPATH/Database/BaseBuilder.php(2345): CodeIgniter\Database\BaseConnection->query()
 2 SYSTEMPATH/Model.php(394): CodeIgniter\Database\BaseBuilder->insert()
 3 SYSTEMPATH/BaseModel.php(843): CodeIgniter\Model->doInsert()
 4 SYSTEMPATH/Model.php(800): CodeIgniter\BaseModel->insert()
 5 APPPATH/Controllers/StoresApiController.php(247): CodeIgniter\Model->insert()
 6 SYSTEMPATH/CodeIgniter.php(933): App\Controllers\StoresApiController->registrationProcess()
 7 SYSTEMPATH/CodeIgniter.php(507): CodeIgniter\CodeIgniter->runController()
 8 SYSTEMPATH/CodeIgniter.php(354): CodeIgniter\CodeIgniter->handleRequest()
 9 SYSTEMPATH/Boot.php(334): CodeIgniter\CodeIgniter->run()
10 SYSTEMPATH/Boot.php(67): CodeIgniter\Boot::runCodeIgniter()
11 FCPATH/index.php(59): CodeIgniter\Boot::bootWeb()
CRITICAL - 2025-09-12 09:22:15 --> [Caused by] CodeIgniter\Database\Exceptions\DatabaseException: Column 'mobile_no' cannot be null
in SYSTEMPATH/Database/MySQLi/Connection.php on line 332.
 1 SYSTEMPATH/Database/BaseConnection.php(738): CodeIgniter\Database\MySQLi\Connection->execute()
 2 SYSTEMPATH/Database/BaseConnection.php(652): CodeIgniter\Database\BaseConnection->simpleQuery()
 3 SYSTEMPATH/Database/BaseBuilder.php(2345): CodeIgniter\Database\BaseConnection->query()
 4 SYSTEMPATH/Model.php(394): CodeIgniter\Database\BaseBuilder->insert()
 5 SYSTEMPATH/BaseModel.php(843): CodeIgniter\Model->doInsert()
 6 SYSTEMPATH/Model.php(800): CodeIgniter\BaseModel->insert()
 7 APPPATH/Controllers/StoresApiController.php(247): CodeIgniter\Model->insert()
 8 SYSTEMPATH/CodeIgniter.php(933): App\Controllers\StoresApiController->registrationProcess()
 9 SYSTEMPATH/CodeIgniter.php(507): CodeIgniter\CodeIgniter->runController()
10 SYSTEMPATH/CodeIgniter.php(354): CodeIgniter\CodeIgniter->handleRequest()
11 SYSTEMPATH/Boot.php(334): CodeIgniter\CodeIgniter->run()
12 SYSTEMPATH/Boot.php(67): CodeIgniter\Boot::runCodeIgniter()
13 FCPATH/index.php(59): CodeIgniter\Boot::bootWeb()
CRITICAL - 2025-09-12 09:22:15 --> [Caused by] mysqli_sql_exception: Column 'mobile_no' cannot be null
in SYSTEMPATH/Database/MySQLi/Connection.php on line 327.
 1 SYSTEMPATH/Database/MySQLi/Connection.php(327): mysqli->query()
 2 SYSTEMPATH/Database/BaseConnection.php(738): CodeIgniter\Database\MySQLi\Connection->execute()
 3 SYSTEMPATH/Database/BaseConnection.php(652): CodeIgniter\Database\BaseConnection->simpleQuery()
 4 SYSTEMPATH/Database/BaseBuilder.php(2345): CodeIgniter\Database\BaseConnection->query()
 5 SYSTEMPATH/Model.php(394): CodeIgniter\Database\BaseBuilder->insert()
 6 SYSTEMPATH/BaseModel.php(843): CodeIgniter\Model->doInsert()
 7 SYSTEMPATH/Model.php(800): CodeIgniter\BaseModel->insert()
 8 APPPATH/Controllers/StoresApiController.php(247): CodeIgniter\Model->insert()
 9 SYSTEMPATH/CodeIgniter.php(933): App\Controllers\StoresApiController->registrationProcess()
10 SYSTEMPATH/CodeIgniter.php(507): CodeIgniter\CodeIgniter->runController()
11 SYSTEMPATH/CodeIgniter.php(354): CodeIgniter\CodeIgniter->handleRequest()
12 SYSTEMPATH/Boot.php(334): CodeIgniter\CodeIgniter->run()
13 SYSTEMPATH/Boot.php(67): CodeIgniter\Boot::runCodeIgniter()
14 FCPATH/index.php(59): CodeIgniter\Boot::bootWeb()
