ERROR - 2025-06-20 08:03:02 --> Error connecting to the database: mysqli_sql_exception: No such file or directory in /var/www/brighttechnologies.co.in/gofreshaapi/vendor/codeigniter4/framework/system/Database/MySQLi/Connection.php:201
Stack trace:
#0 /var/www/brighttechnologies.co.in/gofreshaapi/vendor/codeigniter4/framework/system/Database/MySQLi/Connection.php(201): mysqli->real_connect()
#1 /var/www/brighttechnologies.co.in/gofreshaapi/vendor/codeigniter4/framework/system/Database/BaseConnection.php(421): CodeIgniter\Database\MySQLi\Connection->connect()
#2 /var/www/brighttechnologies.co.in/gofreshaapi/vendor/codeigniter4/framework/system/Database/BaseConnection.php(620): CodeIgniter\Database\BaseConnection->initialize()
#3 /var/www/brighttechnologies.co.in/gofreshaapi/vendor/codeigniter4/framework/system/Database/BaseBuilder.php(1649): CodeIgniter\Database\BaseConnection->query()
#4 /var/www/brighttechnologies.co.in/gofreshaapi/vendor/codeigniter4/framework/system/Model.php(286): CodeIgniter\Database\BaseBuilder->get()
#5 /var/www/brighttechnologies.co.in/gofreshaapi/vendor/codeigniter4/framework/system/BaseModel.php(679): CodeIgniter\Model->doFindAll()
#6 /var/www/brighttechnologies.co.in/gofreshaapi/app/Controllers/ApiController.php(336): CodeIgniter\BaseModel->findAll()
#7 /var/www/brighttechnologies.co.in/gofreshaapi/vendor/codeigniter4/framework/system/CodeIgniter.php(933): App\Controllers\ApiController->products()
#8 /var/www/brighttechnologies.co.in/gofreshaapi/vendor/codeigniter4/framework/system/CodeIgniter.php(507): CodeIgniter\CodeIgniter->runController()
#9 /var/www/brighttechnologies.co.in/gofreshaapi/vendor/codeigniter4/framework/system/CodeIgniter.php(354): CodeIgniter\CodeIgniter->handleRequest()
#10 /var/www/brighttechnologies.co.in/gofreshaapi/vendor/codeigniter4/framework/system/Boot.php(334): CodeIgniter\CodeIgniter->run()
#11 /var/www/brighttechnologies.co.in/gofreshaapi/vendor/codeigniter4/framework/system/Boot.php(67): CodeIgniter\Boot::runCodeIgniter()
#12 /var/www/brighttechnologies.co.in/gofreshaapi/index.php(59): CodeIgniter\Boot::bootWeb()
#13 {main}

Next CodeIgniter\Database\Exceptions\DatabaseException: No such file or directory in /var/www/brighttechnologies.co.in/gofreshaapi/vendor/codeigniter4/framework/system/Database/MySQLi/Connection.php:246
Stack trace:
#0 /var/www/brighttechnologies.co.in/gofreshaapi/vendor/codeigniter4/framework/system/Database/BaseConnection.php(421): CodeIgniter\Database\MySQLi\Connection->connect()
#1 /var/www/brighttechnologies.co.in/gofreshaapi/vendor/codeigniter4/framework/system/Database/BaseConnection.php(620): CodeIgniter\Database\BaseConnection->initialize()
#2 /var/www/brighttechnologies.co.in/gofreshaapi/vendor/codeigniter4/framework/system/Database/BaseBuilder.php(1649): CodeIgniter\Database\BaseConnection->query()
#3 /var/www/brighttechnologies.co.in/gofreshaapi/vendor/codeigniter4/framework/system/Model.php(286): CodeIgniter\Database\BaseBuilder->get()
#4 /var/www/brighttechnologies.co.in/gofreshaapi/vendor/codeigniter4/framework/system/BaseModel.php(679): CodeIgniter\Model->doFindAll()
#5 /var/www/brighttechnologies.co.in/gofreshaapi/app/Controllers/ApiController.php(336): CodeIgniter\BaseModel->findAll()
#6 /var/www/brighttechnologies.co.in/gofreshaapi/vendor/codeigniter4/framework/system/CodeIgniter.php(933): App\Controllers\ApiController->products()
#7 /var/www/brighttechnologies.co.in/gofreshaapi/vendor/codeigniter4/framework/system/CodeIgniter.php(507): CodeIgniter\CodeIgniter->runController()
#8 /var/www/brighttechnologies.co.in/gofreshaapi/vendor/codeigniter4/framework/system/CodeIgniter.php(354): CodeIgniter\CodeIgniter->handleRequest()
#9 /var/www/brighttechnologies.co.in/gofreshaapi/vendor/codeigniter4/framework/system/Boot.php(334): CodeIgniter\CodeIgniter->run()
#10 /var/www/brighttechnologies.co.in/gofreshaapi/vendor/codeigniter4/framework/system/Boot.php(67): CodeIgniter\Boot::runCodeIgniter()
#11 /var/www/brighttechnologies.co.in/gofreshaapi/index.php(59): CodeIgniter\Boot::bootWeb()
#12 {main}
CRITICAL - 2025-06-20 08:03:02 --> CodeIgniter\Database\Exceptions\DatabaseException: Unable to connect to the database.
Main connection [MySQLi]: No such file or directory
[Method: GET, Route: products]
in SYSTEMPATH/Database/BaseConnection.php on line 467.
 1 SYSTEMPATH/Database/BaseConnection.php(620): CodeIgniter\Database\BaseConnection->initialize()
 2 SYSTEMPATH/Database/BaseBuilder.php(1649): CodeIgniter\Database\BaseConnection->query()
 3 SYSTEMPATH/Model.php(286): CodeIgniter\Database\BaseBuilder->get()
 4 SYSTEMPATH/BaseModel.php(679): CodeIgniter\Model->doFindAll()
 5 APPPATH/Controllers/ApiController.php(336): CodeIgniter\BaseModel->findAll()
 6 SYSTEMPATH/CodeIgniter.php(933): App\Controllers\ApiController->products()
 7 SYSTEMPATH/CodeIgniter.php(507): CodeIgniter\CodeIgniter->runController()
 8 SYSTEMPATH/CodeIgniter.php(354): CodeIgniter\CodeIgniter->handleRequest()
 9 SYSTEMPATH/Boot.php(334): CodeIgniter\CodeIgniter->run()
10 SYSTEMPATH/Boot.php(67): CodeIgniter\Boot::runCodeIgniter()
11 FCPATH/index.php(59): CodeIgniter\Boot::bootWeb()
CRITICAL - 2025-06-20 08:22:00 --> ErrorException: Undefined property: App\Controllers\ApiController::$paymentInfoField
[Method: GET, Route: products]
in APPPATH/Controllers/ApiController.php on line 344.
 1 APPPATH/Controllers/ApiController.php(344): CodeIgniter\Debug\Exceptions->errorHandler()
 2 SYSTEMPATH/CodeIgniter.php(933): App\Controllers\ApiController->products()
 3 SYSTEMPATH/CodeIgniter.php(507): CodeIgniter\CodeIgniter->runController()
 4 SYSTEMPATH/CodeIgniter.php(354): CodeIgniter\CodeIgniter->handleRequest()
 5 SYSTEMPATH/Boot.php(334): CodeIgniter\CodeIgniter->run()
 6 SYSTEMPATH/Boot.php(67): CodeIgniter\Boot::runCodeIgniter()
 7 FCPATH/index.php(59): CodeIgniter\Boot::bootWeb()
CRITICAL - 2025-06-20 08:22:04 --> ErrorException: Undefined property: App\Controllers\ApiController::$paymentInfoField
[Method: GET, Route: products]
in APPPATH/Controllers/ApiController.php on line 344.
 1 APPPATH/Controllers/ApiController.php(344): CodeIgniter\Debug\Exceptions->errorHandler()
 2 SYSTEMPATH/CodeIgniter.php(933): App\Controllers\ApiController->products()
 3 SYSTEMPATH/CodeIgniter.php(507): CodeIgniter\CodeIgniter->runController()
 4 SYSTEMPATH/CodeIgniter.php(354): CodeIgniter\CodeIgniter->handleRequest()
 5 SYSTEMPATH/Boot.php(334): CodeIgniter\CodeIgniter->run()
 6 SYSTEMPATH/Boot.php(67): CodeIgniter\Boot::runCodeIgniter()
 7 FCPATH/index.php(59): CodeIgniter\Boot::bootWeb()
CRITICAL - 2025-06-20 08:22:13 --> ErrorException: Undefined property: App\Controllers\ApiController::$paymentInfoField
[Method: GET, Route: products]
in APPPATH/Controllers/ApiController.php on line 344.
 1 APPPATH/Controllers/ApiController.php(344): CodeIgniter\Debug\Exceptions->errorHandler()
 2 SYSTEMPATH/CodeIgniter.php(933): App\Controllers\ApiController->products()
 3 SYSTEMPATH/CodeIgniter.php(507): CodeIgniter\CodeIgniter->runController()
 4 SYSTEMPATH/CodeIgniter.php(354): CodeIgniter\CodeIgniter->handleRequest()
 5 SYSTEMPATH/Boot.php(334): CodeIgniter\CodeIgniter->run()
 6 SYSTEMPATH/Boot.php(67): CodeIgniter\Boot::runCodeIgniter()
 7 FCPATH/index.php(59): CodeIgniter\Boot::bootWeb()
CRITICAL - 2025-06-20 08:27:30 --> ErrorException: Undefined property: App\Controllers\ApiController::$paymentInfoField
[Method: GET, Route: testform]
in APPPATH/Controllers/ApiController.php on line 380.
 1 APPPATH/Controllers/ApiController.php(380): CodeIgniter\Debug\Exceptions->errorHandler()
 2 SYSTEMPATH/CodeIgniter.php(933): App\Controllers\ApiController->pay_phoneno()
 3 SYSTEMPATH/CodeIgniter.php(507): CodeIgniter\CodeIgniter->runController()
 4 SYSTEMPATH/CodeIgniter.php(354): CodeIgniter\CodeIgniter->handleRequest()
 5 SYSTEMPATH/Boot.php(334): CodeIgniter\CodeIgniter->run()
 6 SYSTEMPATH/Boot.php(67): CodeIgniter\Boot::runCodeIgniter()
 7 FCPATH/index.php(59): CodeIgniter\Boot::bootWeb()
CRITICAL - 2025-06-20 08:27:45 --> ErrorException: Undefined property: App\Controllers\ApiController::$paymentInfoField
[Method: GET, Route: testform]
in APPPATH/Controllers/ApiController.php on line 380.
 1 APPPATH/Controllers/ApiController.php(380): CodeIgniter\Debug\Exceptions->errorHandler()
 2 SYSTEMPATH/CodeIgniter.php(933): App\Controllers\ApiController->pay_phoneno()
 3 SYSTEMPATH/CodeIgniter.php(507): CodeIgniter\CodeIgniter->runController()
 4 SYSTEMPATH/CodeIgniter.php(354): CodeIgniter\CodeIgniter->handleRequest()
 5 SYSTEMPATH/Boot.php(334): CodeIgniter\CodeIgniter->run()
 6 SYSTEMPATH/Boot.php(67): CodeIgniter\Boot::runCodeIgniter()
 7 FCPATH/index.php(59): CodeIgniter\Boot::bootWeb()
CRITICAL - 2025-06-20 08:37:28 --> ErrorException: Undefined property: App\Controllers\ApiController::$paymentInfoField
[Method: GET, Route: testform]
in APPPATH/Controllers/ApiController.php on line 375.
 1 APPPATH/Controllers/ApiController.php(375): CodeIgniter\Debug\Exceptions->errorHandler()
 2 SYSTEMPATH/CodeIgniter.php(933): App\Controllers\ApiController->pay_phoneno()
 3 SYSTEMPATH/CodeIgniter.php(507): CodeIgniter\CodeIgniter->runController()
 4 SYSTEMPATH/CodeIgniter.php(354): CodeIgniter\CodeIgniter->handleRequest()
 5 SYSTEMPATH/Boot.php(334): CodeIgniter\CodeIgniter->run()
 6 SYSTEMPATH/Boot.php(67): CodeIgniter\Boot::runCodeIgniter()
 7 FCPATH/index.php(59): CodeIgniter\Boot::bootWeb()
CRITICAL - 2025-06-20 09:23:14 --> ErrorException: Undefined property: App\Controllers\ApiController::$paymentInfoField
[Method: GET, Route: testform]
in APPPATH/Controllers/ApiController.php on line 375.
 1 APPPATH/Controllers/ApiController.php(375): CodeIgniter\Debug\Exceptions->errorHandler()
 2 SYSTEMPATH/CodeIgniter.php(933): App\Controllers\ApiController->pay_phoneno()
 3 SYSTEMPATH/CodeIgniter.php(507): CodeIgniter\CodeIgniter->runController()
 4 SYSTEMPATH/CodeIgniter.php(354): CodeIgniter\CodeIgniter->handleRequest()
 5 SYSTEMPATH/Boot.php(334): CodeIgniter\CodeIgniter->run()
 6 SYSTEMPATH/Boot.php(67): CodeIgniter\Boot::runCodeIgniter()
 7 FCPATH/index.php(59): CodeIgniter\Boot::bootWeb()
