CRITICAL - 2025-06-05 10:34:35 --> CodeIgniter\HTTP\Exceptions\BadRequestException: The URI you submitted has disallowed characters: "categories
"
[Method: GET, Route: categories%0A]
in SYSTEMPATH/Router/Router.php on line 741.
 1 SYSTEMPATH/Router/Router.php(207): CodeIgniter\Router\Router->checkDisallowedChars()
 2 SYSTEMPATH/CodeIgniter.php(832): CodeIgniter\Router\Router->handle()
 3 SYSTEMPATH/CodeIgniter.php(455): CodeIgniter\CodeIgniter->tryToRouteIt()
 4 SYSTEMPATH/CodeIgniter.php(354): CodeIgniter\CodeIgniter->handleRequest()
 5 SYSTEMPATH/Boot.php(334): CodeIgniter\CodeIgniter->run()
 6 SYSTEMPATH/Boot.php(67): CodeIgniter\Boot::runCodeIgniter()
 7 FCPATH/index.php(59): CodeIgniter\Boot::bootWeb()
CRITICAL - 2025-06-05 10:34:47 --> CodeIgniter\HTTP\Exceptions\BadRequestException: The URI you submitted has disallowed characters: "categories
"
[Method: GET, Route: categories%0A]
in SYSTEMPATH/Router/Router.php on line 741.
 1 SYSTEMPATH/Router/Router.php(207): CodeIgniter\Router\Router->checkDisallowedChars()
 2 SYSTEMPATH/CodeIgniter.php(832): CodeIgniter\Router\Router->handle()
 3 SYSTEMPATH/CodeIgniter.php(455): CodeIgniter\CodeIgniter->tryToRouteIt()
 4 SYSTEMPATH/CodeIgniter.php(354): CodeIgniter\CodeIgniter->handleRequest()
 5 SYSTEMPATH/Boot.php(334): CodeIgniter\CodeIgniter->run()
 6 SYSTEMPATH/Boot.php(67): CodeIgniter\Boot::runCodeIgniter()
 7 FCPATH/index.php(59): CodeIgniter\Boot::bootWeb()
CRITICAL - 2025-06-05 10:36:44 --> CodeIgniter\HTTP\Exceptions\BadRequestException: The URI you submitted has disallowed characters: "categories
"
[Method: GET, Route: categories%0A]
in SYSTEMPATH/Router/Router.php on line 741.
 1 SYSTEMPATH/Router/Router.php(207): CodeIgniter\Router\Router->checkDisallowedChars()
 2 SYSTEMPATH/CodeIgniter.php(832): CodeIgniter\Router\Router->handle()
 3 SYSTEMPATH/CodeIgniter.php(455): CodeIgniter\CodeIgniter->tryToRouteIt()
 4 SYSTEMPATH/CodeIgniter.php(354): CodeIgniter\CodeIgniter->handleRequest()
 5 SYSTEMPATH/Boot.php(334): CodeIgniter\CodeIgniter->run()
 6 SYSTEMPATH/Boot.php(67): CodeIgniter\Boot::runCodeIgniter()
 7 FCPATH/index.php(59): CodeIgniter\Boot::bootWeb()
CRITICAL - 2025-06-05 10:39:05 --> ErrorException: include(/var/www/brighttechnologies.co.in/gofreshaapi/vendor/composer/../../app/Controllers/Home.php): Failed to open stream: No such file or directory
[Method: GET, Route: /]
in FCPATH/vendor/composer/ClassLoader.php on line 576.
 1 FCPATH/vendor/composer/ClassLoader.php(576): CodeIgniter\Debug\Exceptions->errorHandler()
 2 FCPATH/vendor/composer/ClassLoader.php(576): include()
 3 FCPATH/vendor/composer/ClassLoader.php(427): Composer\Autoload\{closure}()
 4 [internal function]: Composer\Autoload\ClassLoader->loadClass()
 5 SYSTEMPATH/CodeIgniter.php(885): class_exists()
 6 SYSTEMPATH/CodeIgniter.php(494): CodeIgniter\CodeIgniter->startController()
 7 SYSTEMPATH/CodeIgniter.php(354): CodeIgniter\CodeIgniter->handleRequest()
 8 SYSTEMPATH/Boot.php(334): CodeIgniter\CodeIgniter->run()
 9 SYSTEMPATH/Boot.php(67): CodeIgniter\Boot::runCodeIgniter()
10 FCPATH/index.php(59): CodeIgniter\Boot::bootWeb()
CRITICAL - 2025-06-05 10:40:31 --> ErrorException: include(/var/www/brighttechnologies.co.in/gofreshaapi/vendor/composer/../../app/Controllers/Home.php): Failed to open stream: No such file or directory
[Method: GET, Route: categories]
in FCPATH/vendor/composer/ClassLoader.php on line 576.
 1 FCPATH/vendor/composer/ClassLoader.php(576): CodeIgniter\Debug\Exceptions->errorHandler()
 2 FCPATH/vendor/composer/ClassLoader.php(576): include()
 3 FCPATH/vendor/composer/ClassLoader.php(427): Composer\Autoload\{closure}()
 4 [internal function]: Composer\Autoload\ClassLoader->loadClass()
 5 SYSTEMPATH/CodeIgniter.php(885): class_exists()
 6 SYSTEMPATH/CodeIgniter.php(494): CodeIgniter\CodeIgniter->startController()
 7 SYSTEMPATH/CodeIgniter.php(354): CodeIgniter\CodeIgniter->handleRequest()
 8 SYSTEMPATH/Boot.php(334): CodeIgniter\CodeIgniter->run()
 9 SYSTEMPATH/Boot.php(67): CodeIgniter\Boot::runCodeIgniter()
10 FCPATH/index.php(59): CodeIgniter\Boot::bootWeb()
CRITICAL - 2025-06-05 10:41:40 --> CodeIgniter\HTTP\Exceptions\BadRequestException: The URI you submitted has disallowed characters: "categories
"
[Method: GET, Route: categories%0A]
in SYSTEMPATH/Router/Router.php on line 741.
 1 SYSTEMPATH/Router/Router.php(207): CodeIgniter\Router\Router->checkDisallowedChars()
 2 SYSTEMPATH/CodeIgniter.php(832): CodeIgniter\Router\Router->handle()
 3 SYSTEMPATH/CodeIgniter.php(455): CodeIgniter\CodeIgniter->tryToRouteIt()
 4 SYSTEMPATH/CodeIgniter.php(354): CodeIgniter\CodeIgniter->handleRequest()
 5 SYSTEMPATH/Boot.php(334): CodeIgniter\CodeIgniter->run()
 6 SYSTEMPATH/Boot.php(67): CodeIgniter\Boot::runCodeIgniter()
 7 FCPATH/index.php(59): CodeIgniter\Boot::bootWeb()
CRITICAL - 2025-06-05 11:11:17 --> Error: Call to a member function headers() on null
[Method: GET, Route: categories]
in APPPATH/Controllers/ApiController.php on line 23.
 1 SYSTEMPATH/CodeIgniter.php(903): App\Controllers\ApiController->__construct()
 2 SYSTEMPATH/CodeIgniter.php(498): CodeIgniter\CodeIgniter->createController()
 3 SYSTEMPATH/CodeIgniter.php(354): CodeIgniter\CodeIgniter->handleRequest()
 4 SYSTEMPATH/Boot.php(334): CodeIgniter\CodeIgniter->run()
 5 SYSTEMPATH/Boot.php(67): CodeIgniter\Boot::runCodeIgniter()
 6 FCPATH/index.php(59): CodeIgniter\Boot::bootWeb()
CRITICAL - 2025-06-05 11:12:11 --> Error: Call to a member function headers() on null
[Method: GET, Route: categories]
in APPPATH/Controllers/ApiController.php on line 23.
 1 SYSTEMPATH/CodeIgniter.php(903): App\Controllers\ApiController->__construct()
 2 SYSTEMPATH/CodeIgniter.php(498): CodeIgniter\CodeIgniter->createController()
 3 SYSTEMPATH/CodeIgniter.php(354): CodeIgniter\CodeIgniter->handleRequest()
 4 SYSTEMPATH/Boot.php(334): CodeIgniter\CodeIgniter->run()
 5 SYSTEMPATH/Boot.php(67): CodeIgniter\Boot::runCodeIgniter()
 6 FCPATH/index.php(59): CodeIgniter\Boot::bootWeb()
CRITICAL - 2025-06-05 11:13:31 --> Error: Call to a member function headers() on null
[Method: GET, Route: categories]
in APPPATH/Controllers/ApiController.php on line 23.
 1 SYSTEMPATH/CodeIgniter.php(903): App\Controllers\ApiController->__construct()
 2 SYSTEMPATH/CodeIgniter.php(498): CodeIgniter\CodeIgniter->createController()
 3 SYSTEMPATH/CodeIgniter.php(354): CodeIgniter\CodeIgniter->handleRequest()
 4 SYSTEMPATH/Boot.php(334): CodeIgniter\CodeIgniter->run()
 5 SYSTEMPATH/Boot.php(67): CodeIgniter\Boot::runCodeIgniter()
 6 FCPATH/index.php(59): CodeIgniter\Boot::bootWeb()
CRITICAL - 2025-06-05 11:14:26 --> Error: Call to a member function headers() on null
[Method: GET, Route: categories]
in APPPATH/Controllers/ApiController.php on line 23.
 1 SYSTEMPATH/CodeIgniter.php(903): App\Controllers\ApiController->__construct()
 2 SYSTEMPATH/CodeIgniter.php(498): CodeIgniter\CodeIgniter->createController()
 3 SYSTEMPATH/CodeIgniter.php(354): CodeIgniter\CodeIgniter->handleRequest()
 4 SYSTEMPATH/Boot.php(334): CodeIgniter\CodeIgniter->run()
 5 SYSTEMPATH/Boot.php(67): CodeIgniter\Boot::runCodeIgniter()
 6 FCPATH/index.php(59): CodeIgniter\Boot::bootWeb()
CRITICAL - 2025-06-05 11:14:28 --> Error: Call to a member function headers() on null
[Method: GET, Route: categories]
in APPPATH/Controllers/ApiController.php on line 23.
 1 SYSTEMPATH/CodeIgniter.php(903): App\Controllers\ApiController->__construct()
 2 SYSTEMPATH/CodeIgniter.php(498): CodeIgniter\CodeIgniter->createController()
 3 SYSTEMPATH/CodeIgniter.php(354): CodeIgniter\CodeIgniter->handleRequest()
 4 SYSTEMPATH/Boot.php(334): CodeIgniter\CodeIgniter->run()
 5 SYSTEMPATH/Boot.php(67): CodeIgniter\Boot::runCodeIgniter()
 6 FCPATH/index.php(59): CodeIgniter\Boot::bootWeb()
CRITICAL - 2025-06-05 11:15:53 --> Error: Call to a member function headers() on null
[Method: GET, Route: categories]
in APPPATH/Controllers/ApiController.php on line 23.
 1 SYSTEMPATH/CodeIgniter.php(903): App\Controllers\ApiController->__construct()
 2 SYSTEMPATH/CodeIgniter.php(498): CodeIgniter\CodeIgniter->createController()
 3 SYSTEMPATH/CodeIgniter.php(354): CodeIgniter\CodeIgniter->handleRequest()
 4 SYSTEMPATH/Boot.php(334): CodeIgniter\CodeIgniter->run()
 5 SYSTEMPATH/Boot.php(67): CodeIgniter\Boot::runCodeIgniter()
 6 FCPATH/index.php(59): CodeIgniter\Boot::bootWeb()
CRITICAL - 2025-06-05 11:16:25 --> Error: Call to a member function headers() on null
[Method: GET, Route: categories]
in APPPATH/Controllers/ApiController.php on line 23.
 1 SYSTEMPATH/CodeIgniter.php(903): App\Controllers\ApiController->__construct()
 2 SYSTEMPATH/CodeIgniter.php(498): CodeIgniter\CodeIgniter->createController()
 3 SYSTEMPATH/CodeIgniter.php(354): CodeIgniter\CodeIgniter->handleRequest()
 4 SYSTEMPATH/Boot.php(334): CodeIgniter\CodeIgniter->run()
 5 SYSTEMPATH/Boot.php(67): CodeIgniter\Boot::runCodeIgniter()
 6 FCPATH/index.php(59): CodeIgniter\Boot::bootWeb()
CRITICAL - 2025-06-05 11:16:25 --> Error: Call to a member function headers() on null
[Method: GET, Route: categories]
in APPPATH/Controllers/ApiController.php on line 23.
 1 SYSTEMPATH/CodeIgniter.php(903): App\Controllers\ApiController->__construct()
 2 SYSTEMPATH/CodeIgniter.php(498): CodeIgniter\CodeIgniter->createController()
 3 SYSTEMPATH/CodeIgniter.php(354): CodeIgniter\CodeIgniter->handleRequest()
 4 SYSTEMPATH/Boot.php(334): CodeIgniter\CodeIgniter->run()
 5 SYSTEMPATH/Boot.php(67): CodeIgniter\Boot::runCodeIgniter()
 6 FCPATH/index.php(59): CodeIgniter\Boot::bootWeb()
CRITICAL - 2025-06-05 11:18:18 --> Error: Class "App\Controllers\AdminModel" not found
[Method: GET, Route: categories]
in APPPATH/Controllers/ApiController.php on line 41.
 1 SYSTEMPATH/CodeIgniter.php(933): App\Controllers\ApiController->categories()
 2 SYSTEMPATH/CodeIgniter.php(507): CodeIgniter\CodeIgniter->runController()
 3 SYSTEMPATH/CodeIgniter.php(354): CodeIgniter\CodeIgniter->handleRequest()
 4 SYSTEMPATH/Boot.php(334): CodeIgniter\CodeIgniter->run()
 5 SYSTEMPATH/Boot.php(67): CodeIgniter\Boot::runCodeIgniter()
 6 FCPATH/index.php(59): CodeIgniter\Boot::bootWeb()
CRITICAL - 2025-06-05 11:19:59 --> Error: Class "App\Controllers\AdminModel" not found
[Method: GET, Route: categories]
in APPPATH/Controllers/ApiController.php on line 41.
 1 SYSTEMPATH/CodeIgniter.php(933): App\Controllers\ApiController->categories()
 2 SYSTEMPATH/CodeIgniter.php(507): CodeIgniter\CodeIgniter->runController()
 3 SYSTEMPATH/CodeIgniter.php(354): CodeIgniter\CodeIgniter->handleRequest()
 4 SYSTEMPATH/Boot.php(334): CodeIgniter\CodeIgniter->run()
 5 SYSTEMPATH/Boot.php(67): CodeIgniter\Boot::runCodeIgniter()
 6 FCPATH/index.php(59): CodeIgniter\Boot::bootWeb()
CRITICAL - 2025-06-05 11:20:09 --> Error: Class "App\Controllers\AdminModel" not found
[Method: GET, Route: categories]
in APPPATH/Controllers/ApiController.php on line 41.
 1 SYSTEMPATH/CodeIgniter.php(933): App\Controllers\ApiController->categories()
 2 SYSTEMPATH/CodeIgniter.php(507): CodeIgniter\CodeIgniter->runController()
 3 SYSTEMPATH/CodeIgniter.php(354): CodeIgniter\CodeIgniter->handleRequest()
 4 SYSTEMPATH/Boot.php(334): CodeIgniter\CodeIgniter->run()
 5 SYSTEMPATH/Boot.php(67): CodeIgniter\Boot::runCodeIgniter()
 6 FCPATH/index.php(59): CodeIgniter\Boot::bootWeb()
CRITICAL - 2025-06-05 11:20:32 --> Error: Class "App\Models\ApiModel" not found
[Method: GET, Route: categories]
in APPPATH/Controllers/ApiController.php on line 41.
 1 SYSTEMPATH/CodeIgniter.php(933): App\Controllers\ApiController->categories()
 2 SYSTEMPATH/CodeIgniter.php(507): CodeIgniter\CodeIgniter->runController()
 3 SYSTEMPATH/CodeIgniter.php(354): CodeIgniter\CodeIgniter->handleRequest()
 4 SYSTEMPATH/Boot.php(334): CodeIgniter\CodeIgniter->run()
 5 SYSTEMPATH/Boot.php(67): CodeIgniter\Boot::runCodeIgniter()
 6 FCPATH/index.php(59): CodeIgniter\Boot::bootWeb()
ERROR - 2025-06-05 11:21:50 --> Error connecting to the database: mysqli_sql_exception: Access denied for user ''@'localhost' (using password: NO) in /var/www/brighttechnologies.co.in/gofreshaapi/vendor/codeigniter4/framework/system/Database/MySQLi/Connection.php:201
Stack trace:
#0 /var/www/brighttechnologies.co.in/gofreshaapi/vendor/codeigniter4/framework/system/Database/MySQLi/Connection.php(201): mysqli->real_connect()
#1 /var/www/brighttechnologies.co.in/gofreshaapi/vendor/codeigniter4/framework/system/Database/BaseConnection.php(421): CodeIgniter\Database\MySQLi\Connection->connect()
#2 /var/www/brighttechnologies.co.in/gofreshaapi/vendor/codeigniter4/framework/system/Database/BaseConnection.php(620): CodeIgniter\Database\BaseConnection->initialize()
#3 /var/www/brighttechnologies.co.in/gofreshaapi/vendor/codeigniter4/framework/system/Database/BaseBuilder.php(1649): CodeIgniter\Database\BaseConnection->query()
#4 /var/www/brighttechnologies.co.in/gofreshaapi/vendor/codeigniter4/framework/system/Model.php(286): CodeIgniter\Database\BaseBuilder->get()
#5 /var/www/brighttechnologies.co.in/gofreshaapi/vendor/codeigniter4/framework/system/BaseModel.php(679): CodeIgniter\Model->doFindAll()
#6 /var/www/brighttechnologies.co.in/gofreshaapi/app/Controllers/ApiController.php(43): CodeIgniter\BaseModel->findAll()
#7 /var/www/brighttechnologies.co.in/gofreshaapi/vendor/codeigniter4/framework/system/CodeIgniter.php(933): App\Controllers\ApiController->categories()
#8 /var/www/brighttechnologies.co.in/gofreshaapi/vendor/codeigniter4/framework/system/CodeIgniter.php(507): CodeIgniter\CodeIgniter->runController()
#9 /var/www/brighttechnologies.co.in/gofreshaapi/vendor/codeigniter4/framework/system/CodeIgniter.php(354): CodeIgniter\CodeIgniter->handleRequest()
#10 /var/www/brighttechnologies.co.in/gofreshaapi/vendor/codeigniter4/framework/system/Boot.php(334): CodeIgniter\CodeIgniter->run()
#11 /var/www/brighttechnologies.co.in/gofreshaapi/vendor/codeigniter4/framework/system/Boot.php(67): CodeIgniter\Boot::runCodeIgniter()
#12 /var/www/brighttechnologies.co.in/gofreshaapi/index.php(59): CodeIgniter\Boot::bootWeb()
#13 {main}

Next CodeIgniter\Database\Exceptions\DatabaseException: Access denied for user ''@'localhost' (using password: NO) in /var/www/brighttechnologies.co.in/gofreshaapi/vendor/codeigniter4/framework/system/Database/MySQLi/Connection.php:246
Stack trace:
#0 /var/www/brighttechnologies.co.in/gofreshaapi/vendor/codeigniter4/framework/system/Database/BaseConnection.php(421): CodeIgniter\Database\MySQLi\Connection->connect()
#1 /var/www/brighttechnologies.co.in/gofreshaapi/vendor/codeigniter4/framework/system/Database/BaseConnection.php(620): CodeIgniter\Database\BaseConnection->initialize()
#2 /var/www/brighttechnologies.co.in/gofreshaapi/vendor/codeigniter4/framework/system/Database/BaseBuilder.php(1649): CodeIgniter\Database\BaseConnection->query()
#3 /var/www/brighttechnologies.co.in/gofreshaapi/vendor/codeigniter4/framework/system/Model.php(286): CodeIgniter\Database\BaseBuilder->get()
#4 /var/www/brighttechnologies.co.in/gofreshaapi/vendor/codeigniter4/framework/system/BaseModel.php(679): CodeIgniter\Model->doFindAll()
#5 /var/www/brighttechnologies.co.in/gofreshaapi/app/Controllers/ApiController.php(43): CodeIgniter\BaseModel->findAll()
#6 /var/www/brighttechnologies.co.in/gofreshaapi/vendor/codeigniter4/framework/system/CodeIgniter.php(933): App\Controllers\ApiController->categories()
#7 /var/www/brighttechnologies.co.in/gofreshaapi/vendor/codeigniter4/framework/system/CodeIgniter.php(507): CodeIgniter\CodeIgniter->runController()
#8 /var/www/brighttechnologies.co.in/gofreshaapi/vendor/codeigniter4/framework/system/CodeIgniter.php(354): CodeIgniter\CodeIgniter->handleRequest()
#9 /var/www/brighttechnologies.co.in/gofreshaapi/vendor/codeigniter4/framework/system/Boot.php(334): CodeIgniter\CodeIgniter->run()
#10 /var/www/brighttechnologies.co.in/gofreshaapi/vendor/codeigniter4/framework/system/Boot.php(67): CodeIgniter\Boot::runCodeIgniter()
#11 /var/www/brighttechnologies.co.in/gofreshaapi/index.php(59): CodeIgniter\Boot::bootWeb()
#12 {main}
CRITICAL - 2025-06-05 11:21:50 --> CodeIgniter\Database\Exceptions\DatabaseException: Unable to connect to the database.
Main connection [MySQLi]: Access denied for user ''@'localhost' (using password: NO)
[Method: GET, Route: categories]
in SYSTEMPATH/Database/BaseConnection.php on line 467.
 1 SYSTEMPATH/Database/BaseConnection.php(620): CodeIgniter\Database\BaseConnection->initialize()
 2 SYSTEMPATH/Database/BaseBuilder.php(1649): CodeIgniter\Database\BaseConnection->query()
 3 SYSTEMPATH/Model.php(286): CodeIgniter\Database\BaseBuilder->get()
 4 SYSTEMPATH/BaseModel.php(679): CodeIgniter\Model->doFindAll()
 5 APPPATH/Controllers/ApiController.php(43): CodeIgniter\BaseModel->findAll()
 6 SYSTEMPATH/CodeIgniter.php(933): App\Controllers\ApiController->categories()
 7 SYSTEMPATH/CodeIgniter.php(507): CodeIgniter\CodeIgniter->runController()
 8 SYSTEMPATH/CodeIgniter.php(354): CodeIgniter\CodeIgniter->handleRequest()
 9 SYSTEMPATH/Boot.php(334): CodeIgniter\CodeIgniter->run()
10 SYSTEMPATH/Boot.php(67): CodeIgniter\Boot::runCodeIgniter()
11 FCPATH/index.php(59): CodeIgniter\Boot::bootWeb()
ERROR - 2025-06-05 11:25:09 --> Error connecting to the database: mysqli_sql_exception: Access denied for user ''@'localhost' (using password: NO) in /var/www/brighttechnologies.co.in/gofreshaapi/vendor/codeigniter4/framework/system/Database/MySQLi/Connection.php:201
Stack trace:
#0 /var/www/brighttechnologies.co.in/gofreshaapi/vendor/codeigniter4/framework/system/Database/MySQLi/Connection.php(201): mysqli->real_connect()
#1 /var/www/brighttechnologies.co.in/gofreshaapi/vendor/codeigniter4/framework/system/Database/BaseConnection.php(421): CodeIgniter\Database\MySQLi\Connection->connect()
#2 /var/www/brighttechnologies.co.in/gofreshaapi/vendor/codeigniter4/framework/system/Database/BaseConnection.php(620): CodeIgniter\Database\BaseConnection->initialize()
#3 /var/www/brighttechnologies.co.in/gofreshaapi/vendor/codeigniter4/framework/system/Database/BaseBuilder.php(1649): CodeIgniter\Database\BaseConnection->query()
#4 /var/www/brighttechnologies.co.in/gofreshaapi/vendor/codeigniter4/framework/system/Model.php(286): CodeIgniter\Database\BaseBuilder->get()
#5 /var/www/brighttechnologies.co.in/gofreshaapi/vendor/codeigniter4/framework/system/BaseModel.php(679): CodeIgniter\Model->doFindAll()
#6 /var/www/brighttechnologies.co.in/gofreshaapi/app/Controllers/ApiController.php(43): CodeIgniter\BaseModel->findAll()
#7 /var/www/brighttechnologies.co.in/gofreshaapi/vendor/codeigniter4/framework/system/CodeIgniter.php(933): App\Controllers\ApiController->categories()
#8 /var/www/brighttechnologies.co.in/gofreshaapi/vendor/codeigniter4/framework/system/CodeIgniter.php(507): CodeIgniter\CodeIgniter->runController()
#9 /var/www/brighttechnologies.co.in/gofreshaapi/vendor/codeigniter4/framework/system/CodeIgniter.php(354): CodeIgniter\CodeIgniter->handleRequest()
#10 /var/www/brighttechnologies.co.in/gofreshaapi/vendor/codeigniter4/framework/system/Boot.php(334): CodeIgniter\CodeIgniter->run()
#11 /var/www/brighttechnologies.co.in/gofreshaapi/vendor/codeigniter4/framework/system/Boot.php(67): CodeIgniter\Boot::runCodeIgniter()
#12 /var/www/brighttechnologies.co.in/gofreshaapi/index.php(59): CodeIgniter\Boot::bootWeb()
#13 {main}

Next CodeIgniter\Database\Exceptions\DatabaseException: Access denied for user ''@'localhost' (using password: NO) in /var/www/brighttechnologies.co.in/gofreshaapi/vendor/codeigniter4/framework/system/Database/MySQLi/Connection.php:246
Stack trace:
#0 /var/www/brighttechnologies.co.in/gofreshaapi/vendor/codeigniter4/framework/system/Database/BaseConnection.php(421): CodeIgniter\Database\MySQLi\Connection->connect()
#1 /var/www/brighttechnologies.co.in/gofreshaapi/vendor/codeigniter4/framework/system/Database/BaseConnection.php(620): CodeIgniter\Database\BaseConnection->initialize()
#2 /var/www/brighttechnologies.co.in/gofreshaapi/vendor/codeigniter4/framework/system/Database/BaseBuilder.php(1649): CodeIgniter\Database\BaseConnection->query()
#3 /var/www/brighttechnologies.co.in/gofreshaapi/vendor/codeigniter4/framework/system/Model.php(286): CodeIgniter\Database\BaseBuilder->get()
#4 /var/www/brighttechnologies.co.in/gofreshaapi/vendor/codeigniter4/framework/system/BaseModel.php(679): CodeIgniter\Model->doFindAll()
#5 /var/www/brighttechnologies.co.in/gofreshaapi/app/Controllers/ApiController.php(43): CodeIgniter\BaseModel->findAll()
#6 /var/www/brighttechnologies.co.in/gofreshaapi/vendor/codeigniter4/framework/system/CodeIgniter.php(933): App\Controllers\ApiController->categories()
#7 /var/www/brighttechnologies.co.in/gofreshaapi/vendor/codeigniter4/framework/system/CodeIgniter.php(507): CodeIgniter\CodeIgniter->runController()
#8 /var/www/brighttechnologies.co.in/gofreshaapi/vendor/codeigniter4/framework/system/CodeIgniter.php(354): CodeIgniter\CodeIgniter->handleRequest()
#9 /var/www/brighttechnologies.co.in/gofreshaapi/vendor/codeigniter4/framework/system/Boot.php(334): CodeIgniter\CodeIgniter->run()
#10 /var/www/brighttechnologies.co.in/gofreshaapi/vendor/codeigniter4/framework/system/Boot.php(67): CodeIgniter\Boot::runCodeIgniter()
#11 /var/www/brighttechnologies.co.in/gofreshaapi/index.php(59): CodeIgniter\Boot::bootWeb()
#12 {main}
CRITICAL - 2025-06-05 11:25:09 --> CodeIgniter\Database\Exceptions\DatabaseException: Unable to connect to the database.
Main connection [MySQLi]: Access denied for user ''@'localhost' (using password: NO)
[Method: GET, Route: categories]
in SYSTEMPATH/Database/BaseConnection.php on line 467.
 1 SYSTEMPATH/Database/BaseConnection.php(620): CodeIgniter\Database\BaseConnection->initialize()
 2 SYSTEMPATH/Database/BaseBuilder.php(1649): CodeIgniter\Database\BaseConnection->query()
 3 SYSTEMPATH/Model.php(286): CodeIgniter\Database\BaseBuilder->get()
 4 SYSTEMPATH/BaseModel.php(679): CodeIgniter\Model->doFindAll()
 5 APPPATH/Controllers/ApiController.php(43): CodeIgniter\BaseModel->findAll()
 6 SYSTEMPATH/CodeIgniter.php(933): App\Controllers\ApiController->categories()
 7 SYSTEMPATH/CodeIgniter.php(507): CodeIgniter\CodeIgniter->runController()
 8 SYSTEMPATH/CodeIgniter.php(354): CodeIgniter\CodeIgniter->handleRequest()
 9 SYSTEMPATH/Boot.php(334): CodeIgniter\CodeIgniter->run()
10 SYSTEMPATH/Boot.php(67): CodeIgniter\Boot::runCodeIgniter()
11 FCPATH/index.php(59): CodeIgniter\Boot::bootWeb()
CRITICAL - 2025-06-05 11:27:28 --> Error: Call to a member function headers() on null
[Method: GET, Route: categories]
in APPPATH/Controllers/ApiController.php on line 23.
 1 SYSTEMPATH/CodeIgniter.php(903): App\Controllers\ApiController->__construct()
 2 SYSTEMPATH/CodeIgniter.php(498): CodeIgniter\CodeIgniter->createController()
 3 SYSTEMPATH/CodeIgniter.php(354): CodeIgniter\CodeIgniter->handleRequest()
 4 SYSTEMPATH/Boot.php(334): CodeIgniter\CodeIgniter->run()
 5 SYSTEMPATH/Boot.php(67): CodeIgniter\Boot::runCodeIgniter()
 6 FCPATH/index.php(59): CodeIgniter\Boot::bootWeb()
CRITICAL - 2025-06-05 11:28:52 --> Error: Call to a member function headers() on null
[Method: GET, Route: categories]
in APPPATH/Controllers/ApiController.php on line 23.
 1 SYSTEMPATH/CodeIgniter.php(903): App\Controllers\ApiController->__construct()
 2 SYSTEMPATH/CodeIgniter.php(498): CodeIgniter\CodeIgniter->createController()
 3 SYSTEMPATH/CodeIgniter.php(354): CodeIgniter\CodeIgniter->handleRequest()
 4 SYSTEMPATH/Boot.php(334): CodeIgniter\CodeIgniter->run()
 5 SYSTEMPATH/Boot.php(67): CodeIgniter\Boot::runCodeIgniter()
 6 FCPATH/index.php(59): CodeIgniter\Boot::bootWeb()
CRITICAL - 2025-06-05 11:29:34 --> Error: Call to a member function headers() on null
[Method: GET, Route: categories]
in APPPATH/Controllers/ApiController.php on line 23.
 1 SYSTEMPATH/CodeIgniter.php(903): App\Controllers\ApiController->__construct()
 2 SYSTEMPATH/CodeIgniter.php(498): CodeIgniter\CodeIgniter->createController()
 3 SYSTEMPATH/CodeIgniter.php(354): CodeIgniter\CodeIgniter->handleRequest()
 4 SYSTEMPATH/Boot.php(334): CodeIgniter\CodeIgniter->run()
 5 SYSTEMPATH/Boot.php(67): CodeIgniter\Boot::runCodeIgniter()
 6 FCPATH/index.php(59): CodeIgniter\Boot::bootWeb()
CRITICAL - 2025-06-05 11:29:50 --> Error: Call to a member function headers() on null
[Method: GET, Route: categories]
in APPPATH/Controllers/ApiController.php on line 23.
 1 SYSTEMPATH/CodeIgniter.php(903): App\Controllers\ApiController->__construct()
 2 SYSTEMPATH/CodeIgniter.php(498): CodeIgniter\CodeIgniter->createController()
 3 SYSTEMPATH/CodeIgniter.php(354): CodeIgniter\CodeIgniter->handleRequest()
 4 SYSTEMPATH/Boot.php(334): CodeIgniter\CodeIgniter->run()
 5 SYSTEMPATH/Boot.php(67): CodeIgniter\Boot::runCodeIgniter()
 6 FCPATH/index.php(59): CodeIgniter\Boot::bootWeb()
CRITICAL - 2025-06-05 11:30:22 --> Error: Call to a member function headers() on null
[Method: GET, Route: categories]
in APPPATH/Controllers/ApiController.php on line 23.
 1 SYSTEMPATH/CodeIgniter.php(903): App\Controllers\ApiController->__construct()
 2 SYSTEMPATH/CodeIgniter.php(498): CodeIgniter\CodeIgniter->createController()
 3 SYSTEMPATH/CodeIgniter.php(354): CodeIgniter\CodeIgniter->handleRequest()
 4 SYSTEMPATH/Boot.php(334): CodeIgniter\CodeIgniter->run()
 5 SYSTEMPATH/Boot.php(67): CodeIgniter\Boot::runCodeIgniter()
 6 FCPATH/index.php(59): CodeIgniter\Boot::bootWeb()
CRITICAL - 2025-06-05 11:30:45 --> Error: Call to a member function headers() on null
[Method: GET, Route: categories]
in APPPATH/Controllers/ApiController.php on line 23.
 1 SYSTEMPATH/CodeIgniter.php(903): App\Controllers\ApiController->__construct()
 2 SYSTEMPATH/CodeIgniter.php(498): CodeIgniter\CodeIgniter->createController()
 3 SYSTEMPATH/CodeIgniter.php(354): CodeIgniter\CodeIgniter->handleRequest()
 4 SYSTEMPATH/Boot.php(334): CodeIgniter\CodeIgniter->run()
 5 SYSTEMPATH/Boot.php(67): CodeIgniter\Boot::runCodeIgniter()
 6 FCPATH/index.php(59): CodeIgniter\Boot::bootWeb()
CRITICAL - 2025-06-05 11:31:14 --> Error: Call to a member function headers() on null
[Method: GET, Route: categories]
in APPPATH/Controllers/ApiController.php on line 23.
 1 SYSTEMPATH/CodeIgniter.php(903): App\Controllers\ApiController->__construct()
 2 SYSTEMPATH/CodeIgniter.php(498): CodeIgniter\CodeIgniter->createController()
 3 SYSTEMPATH/CodeIgniter.php(354): CodeIgniter\CodeIgniter->handleRequest()
 4 SYSTEMPATH/Boot.php(334): CodeIgniter\CodeIgniter->run()
 5 SYSTEMPATH/Boot.php(67): CodeIgniter\Boot::runCodeIgniter()
 6 FCPATH/index.php(59): CodeIgniter\Boot::bootWeb()
CRITICAL - 2025-06-05 11:32:30 --> Error: Call to a member function headers() on null
[Method: GET, Route: categories]
in APPPATH/Controllers/ApiController.php on line 23.
 1 SYSTEMPATH/CodeIgniter.php(903): App\Controllers\ApiController->__construct()
 2 SYSTEMPATH/CodeIgniter.php(498): CodeIgniter\CodeIgniter->createController()
 3 SYSTEMPATH/CodeIgniter.php(354): CodeIgniter\CodeIgniter->handleRequest()
 4 SYSTEMPATH/Boot.php(334): CodeIgniter\CodeIgniter->run()
 5 SYSTEMPATH/Boot.php(67): CodeIgniter\Boot::runCodeIgniter()
 6 FCPATH/index.php(59): CodeIgniter\Boot::bootWeb()
CRITICAL - 2025-06-05 11:32:33 --> Error: Call to a member function headers() on null
[Method: GET, Route: categories]
in APPPATH/Controllers/ApiController.php on line 23.
 1 SYSTEMPATH/CodeIgniter.php(903): App\Controllers\ApiController->__construct()
 2 SYSTEMPATH/CodeIgniter.php(498): CodeIgniter\CodeIgniter->createController()
 3 SYSTEMPATH/CodeIgniter.php(354): CodeIgniter\CodeIgniter->handleRequest()
 4 SYSTEMPATH/Boot.php(334): CodeIgniter\CodeIgniter->run()
 5 SYSTEMPATH/Boot.php(67): CodeIgniter\Boot::runCodeIgniter()
 6 FCPATH/index.php(59): CodeIgniter\Boot::bootWeb()
CRITICAL - 2025-06-05 11:32:46 --> Error: Call to a member function headers() on null
[Method: GET, Route: categories]
in APPPATH/Controllers/ApiController.php on line 23.
 1 SYSTEMPATH/CodeIgniter.php(903): App\Controllers\ApiController->__construct()
 2 SYSTEMPATH/CodeIgniter.php(498): CodeIgniter\CodeIgniter->createController()
 3 SYSTEMPATH/CodeIgniter.php(354): CodeIgniter\CodeIgniter->handleRequest()
 4 SYSTEMPATH/Boot.php(334): CodeIgniter\CodeIgniter->run()
 5 SYSTEMPATH/Boot.php(67): CodeIgniter\Boot::runCodeIgniter()
 6 FCPATH/index.php(59): CodeIgniter\Boot::bootWeb()
CRITICAL - 2025-06-05 13:38:46 --> Error: Class "App\Controllers\AdminModel" not found
[Method: POST, Route: addCategory]
in APPPATH/Controllers/ApiController.php on line 85.
 1 SYSTEMPATH/CodeIgniter.php(933): App\Controllers\ApiController->addCategory()
 2 SYSTEMPATH/CodeIgniter.php(507): CodeIgniter\CodeIgniter->runController()
 3 SYSTEMPATH/CodeIgniter.php(354): CodeIgniter\CodeIgniter->handleRequest()
 4 SYSTEMPATH/Boot.php(334): CodeIgniter\CodeIgniter->run()
 5 SYSTEMPATH/Boot.php(67): CodeIgniter\Boot::runCodeIgniter()
 6 FCPATH/index.php(59): CodeIgniter\Boot::bootWeb()
ERROR - 2025-06-05 13:39:58 --> mysqli_sql_exception: Column 'category_name' cannot be null in /var/www/brighttechnologies.co.in/gofreshaapi/vendor/codeigniter4/framework/system/Database/MySQLi/Connection.php:327
Stack trace:
#0 /var/www/brighttechnologies.co.in/gofreshaapi/vendor/codeigniter4/framework/system/Database/MySQLi/Connection.php(327): mysqli->query()
#1 /var/www/brighttechnologies.co.in/gofreshaapi/vendor/codeigniter4/framework/system/Database/BaseConnection.php(738): CodeIgniter\Database\MySQLi\Connection->execute()
#2 /var/www/brighttechnologies.co.in/gofreshaapi/vendor/codeigniter4/framework/system/Database/BaseConnection.php(652): CodeIgniter\Database\BaseConnection->simpleQuery()
#3 /var/www/brighttechnologies.co.in/gofreshaapi/vendor/codeigniter4/framework/system/Database/BaseBuilder.php(2345): CodeIgniter\Database\BaseConnection->query()
#4 /var/www/brighttechnologies.co.in/gofreshaapi/vendor/codeigniter4/framework/system/Model.php(394): CodeIgniter\Database\BaseBuilder->insert()
#5 /var/www/brighttechnologies.co.in/gofreshaapi/vendor/codeigniter4/framework/system/BaseModel.php(843): CodeIgniter\Model->doInsert()
#6 /var/www/brighttechnologies.co.in/gofreshaapi/vendor/codeigniter4/framework/system/Model.php(800): CodeIgniter\BaseModel->insert()
#7 /var/www/brighttechnologies.co.in/gofreshaapi/app/Controllers/ApiController.php(66): CodeIgniter\Model->insert()
#8 /var/www/brighttechnologies.co.in/gofreshaapi/vendor/codeigniter4/framework/system/CodeIgniter.php(933): App\Controllers\ApiController->addCategory()
#9 /var/www/brighttechnologies.co.in/gofreshaapi/vendor/codeigniter4/framework/system/CodeIgniter.php(507): CodeIgniter\CodeIgniter->runController()
#10 /var/www/brighttechnologies.co.in/gofreshaapi/vendor/codeigniter4/framework/system/CodeIgniter.php(354): CodeIgniter\CodeIgniter->handleRequest()
#11 /var/www/brighttechnologies.co.in/gofreshaapi/vendor/codeigniter4/framework/system/Boot.php(334): CodeIgniter\CodeIgniter->run()
#12 /var/www/brighttechnologies.co.in/gofreshaapi/vendor/codeigniter4/framework/system/Boot.php(67): CodeIgniter\Boot::runCodeIgniter()
#13 /var/www/brighttechnologies.co.in/gofreshaapi/index.php(59): CodeIgniter\Boot::bootWeb()
#14 {main}
CRITICAL - 2025-06-05 13:39:58 --> CodeIgniter\Database\Exceptions\DatabaseException: Column 'category_name' cannot be null
[Method: POST, Route: addCategory]
in SYSTEMPATH/Database/BaseConnection.php on line 692.
 1 SYSTEMPATH/Database/BaseBuilder.php(2345): CodeIgniter\Database\BaseConnection->query()
 2 SYSTEMPATH/Model.php(394): CodeIgniter\Database\BaseBuilder->insert()
 3 SYSTEMPATH/BaseModel.php(843): CodeIgniter\Model->doInsert()
 4 SYSTEMPATH/Model.php(800): CodeIgniter\BaseModel->insert()
 5 APPPATH/Controllers/ApiController.php(66): CodeIgniter\Model->insert()
 6 SYSTEMPATH/CodeIgniter.php(933): App\Controllers\ApiController->addCategory()
 7 SYSTEMPATH/CodeIgniter.php(507): CodeIgniter\CodeIgniter->runController()
 8 SYSTEMPATH/CodeIgniter.php(354): CodeIgniter\CodeIgniter->handleRequest()
 9 SYSTEMPATH/Boot.php(334): CodeIgniter\CodeIgniter->run()
10 SYSTEMPATH/Boot.php(67): CodeIgniter\Boot::runCodeIgniter()
11 FCPATH/index.php(59): CodeIgniter\Boot::bootWeb()
CRITICAL - 2025-06-05 13:39:58 --> [Caused by] CodeIgniter\Database\Exceptions\DatabaseException: Column 'category_name' cannot be null
in SYSTEMPATH/Database/MySQLi/Connection.php on line 332.
 1 SYSTEMPATH/Database/BaseConnection.php(738): CodeIgniter\Database\MySQLi\Connection->execute()
 2 SYSTEMPATH/Database/BaseConnection.php(652): CodeIgniter\Database\BaseConnection->simpleQuery()
 3 SYSTEMPATH/Database/BaseBuilder.php(2345): CodeIgniter\Database\BaseConnection->query()
 4 SYSTEMPATH/Model.php(394): CodeIgniter\Database\BaseBuilder->insert()
 5 SYSTEMPATH/BaseModel.php(843): CodeIgniter\Model->doInsert()
 6 SYSTEMPATH/Model.php(800): CodeIgniter\BaseModel->insert()
 7 APPPATH/Controllers/ApiController.php(66): CodeIgniter\Model->insert()
 8 SYSTEMPATH/CodeIgniter.php(933): App\Controllers\ApiController->addCategory()
 9 SYSTEMPATH/CodeIgniter.php(507): CodeIgniter\CodeIgniter->runController()
10 SYSTEMPATH/CodeIgniter.php(354): CodeIgniter\CodeIgniter->handleRequest()
11 SYSTEMPATH/Boot.php(334): CodeIgniter\CodeIgniter->run()
12 SYSTEMPATH/Boot.php(67): CodeIgniter\Boot::runCodeIgniter()
13 FCPATH/index.php(59): CodeIgniter\Boot::bootWeb()
CRITICAL - 2025-06-05 13:39:58 --> [Caused by] mysqli_sql_exception: Column 'category_name' cannot be null
in SYSTEMPATH/Database/MySQLi/Connection.php on line 327.
 1 SYSTEMPATH/Database/MySQLi/Connection.php(327): mysqli->query()
 2 SYSTEMPATH/Database/BaseConnection.php(738): CodeIgniter\Database\MySQLi\Connection->execute()
 3 SYSTEMPATH/Database/BaseConnection.php(652): CodeIgniter\Database\BaseConnection->simpleQuery()
 4 SYSTEMPATH/Database/BaseBuilder.php(2345): CodeIgniter\Database\BaseConnection->query()
 5 SYSTEMPATH/Model.php(394): CodeIgniter\Database\BaseBuilder->insert()
 6 SYSTEMPATH/BaseModel.php(843): CodeIgniter\Model->doInsert()
 7 SYSTEMPATH/Model.php(800): CodeIgniter\BaseModel->insert()
 8 APPPATH/Controllers/ApiController.php(66): CodeIgniter\Model->insert()
 9 SYSTEMPATH/CodeIgniter.php(933): App\Controllers\ApiController->addCategory()
10 SYSTEMPATH/CodeIgniter.php(507): CodeIgniter\CodeIgniter->runController()
11 SYSTEMPATH/CodeIgniter.php(354): CodeIgniter\CodeIgniter->handleRequest()
12 SYSTEMPATH/Boot.php(334): CodeIgniter\CodeIgniter->run()
13 SYSTEMPATH/Boot.php(67): CodeIgniter\Boot::runCodeIgniter()
14 FCPATH/index.php(59): CodeIgniter\Boot::bootWeb()
ERROR - 2025-06-05 13:42:19 --> mysqli_sql_exception: Column 'category_name' cannot be null in /var/www/brighttechnologies.co.in/gofreshaapi/vendor/codeigniter4/framework/system/Database/MySQLi/Connection.php:327
Stack trace:
#0 /var/www/brighttechnologies.co.in/gofreshaapi/vendor/codeigniter4/framework/system/Database/MySQLi/Connection.php(327): mysqli->query()
#1 /var/www/brighttechnologies.co.in/gofreshaapi/vendor/codeigniter4/framework/system/Database/BaseConnection.php(738): CodeIgniter\Database\MySQLi\Connection->execute()
#2 /var/www/brighttechnologies.co.in/gofreshaapi/vendor/codeigniter4/framework/system/Database/BaseConnection.php(652): CodeIgniter\Database\BaseConnection->simpleQuery()
#3 /var/www/brighttechnologies.co.in/gofreshaapi/vendor/codeigniter4/framework/system/Database/BaseBuilder.php(2345): CodeIgniter\Database\BaseConnection->query()
#4 /var/www/brighttechnologies.co.in/gofreshaapi/vendor/codeigniter4/framework/system/Model.php(394): CodeIgniter\Database\BaseBuilder->insert()
#5 /var/www/brighttechnologies.co.in/gofreshaapi/vendor/codeigniter4/framework/system/BaseModel.php(843): CodeIgniter\Model->doInsert()
#6 /var/www/brighttechnologies.co.in/gofreshaapi/vendor/codeigniter4/framework/system/Model.php(800): CodeIgniter\BaseModel->insert()
#7 /var/www/brighttechnologies.co.in/gofreshaapi/app/Controllers/ApiController.php(66): CodeIgniter\Model->insert()
#8 /var/www/brighttechnologies.co.in/gofreshaapi/vendor/codeigniter4/framework/system/CodeIgniter.php(933): App\Controllers\ApiController->addCategory()
#9 /var/www/brighttechnologies.co.in/gofreshaapi/vendor/codeigniter4/framework/system/CodeIgniter.php(507): CodeIgniter\CodeIgniter->runController()
#10 /var/www/brighttechnologies.co.in/gofreshaapi/vendor/codeigniter4/framework/system/CodeIgniter.php(354): CodeIgniter\CodeIgniter->handleRequest()
#11 /var/www/brighttechnologies.co.in/gofreshaapi/vendor/codeigniter4/framework/system/Boot.php(334): CodeIgniter\CodeIgniter->run()
#12 /var/www/brighttechnologies.co.in/gofreshaapi/vendor/codeigniter4/framework/system/Boot.php(67): CodeIgniter\Boot::runCodeIgniter()
#13 /var/www/brighttechnologies.co.in/gofreshaapi/index.php(59): CodeIgniter\Boot::bootWeb()
#14 {main}
CRITICAL - 2025-06-05 13:42:19 --> CodeIgniter\Database\Exceptions\DatabaseException: Column 'category_name' cannot be null
[Method: POST, Route: addCategory]
in SYSTEMPATH/Database/BaseConnection.php on line 692.
 1 SYSTEMPATH/Database/BaseBuilder.php(2345): CodeIgniter\Database\BaseConnection->query()
 2 SYSTEMPATH/Model.php(394): CodeIgniter\Database\BaseBuilder->insert()
 3 SYSTEMPATH/BaseModel.php(843): CodeIgniter\Model->doInsert()
 4 SYSTEMPATH/Model.php(800): CodeIgniter\BaseModel->insert()
 5 APPPATH/Controllers/ApiController.php(66): CodeIgniter\Model->insert()
 6 SYSTEMPATH/CodeIgniter.php(933): App\Controllers\ApiController->addCategory()
 7 SYSTEMPATH/CodeIgniter.php(507): CodeIgniter\CodeIgniter->runController()
 8 SYSTEMPATH/CodeIgniter.php(354): CodeIgniter\CodeIgniter->handleRequest()
 9 SYSTEMPATH/Boot.php(334): CodeIgniter\CodeIgniter->run()
10 SYSTEMPATH/Boot.php(67): CodeIgniter\Boot::runCodeIgniter()
11 FCPATH/index.php(59): CodeIgniter\Boot::bootWeb()
CRITICAL - 2025-06-05 13:42:19 --> [Caused by] CodeIgniter\Database\Exceptions\DatabaseException: Column 'category_name' cannot be null
in SYSTEMPATH/Database/MySQLi/Connection.php on line 332.
 1 SYSTEMPATH/Database/BaseConnection.php(738): CodeIgniter\Database\MySQLi\Connection->execute()
 2 SYSTEMPATH/Database/BaseConnection.php(652): CodeIgniter\Database\BaseConnection->simpleQuery()
 3 SYSTEMPATH/Database/BaseBuilder.php(2345): CodeIgniter\Database\BaseConnection->query()
 4 SYSTEMPATH/Model.php(394): CodeIgniter\Database\BaseBuilder->insert()
 5 SYSTEMPATH/BaseModel.php(843): CodeIgniter\Model->doInsert()
 6 SYSTEMPATH/Model.php(800): CodeIgniter\BaseModel->insert()
 7 APPPATH/Controllers/ApiController.php(66): CodeIgniter\Model->insert()
 8 SYSTEMPATH/CodeIgniter.php(933): App\Controllers\ApiController->addCategory()
 9 SYSTEMPATH/CodeIgniter.php(507): CodeIgniter\CodeIgniter->runController()
10 SYSTEMPATH/CodeIgniter.php(354): CodeIgniter\CodeIgniter->handleRequest()
11 SYSTEMPATH/Boot.php(334): CodeIgniter\CodeIgniter->run()
12 SYSTEMPATH/Boot.php(67): CodeIgniter\Boot::runCodeIgniter()
13 FCPATH/index.php(59): CodeIgniter\Boot::bootWeb()
CRITICAL - 2025-06-05 13:42:19 --> [Caused by] mysqli_sql_exception: Column 'category_name' cannot be null
in SYSTEMPATH/Database/MySQLi/Connection.php on line 327.
 1 SYSTEMPATH/Database/MySQLi/Connection.php(327): mysqli->query()
 2 SYSTEMPATH/Database/BaseConnection.php(738): CodeIgniter\Database\MySQLi\Connection->execute()
 3 SYSTEMPATH/Database/BaseConnection.php(652): CodeIgniter\Database\BaseConnection->simpleQuery()
 4 SYSTEMPATH/Database/BaseBuilder.php(2345): CodeIgniter\Database\BaseConnection->query()
 5 SYSTEMPATH/Model.php(394): CodeIgniter\Database\BaseBuilder->insert()
 6 SYSTEMPATH/BaseModel.php(843): CodeIgniter\Model->doInsert()
 7 SYSTEMPATH/Model.php(800): CodeIgniter\BaseModel->insert()
 8 APPPATH/Controllers/ApiController.php(66): CodeIgniter\Model->insert()
 9 SYSTEMPATH/CodeIgniter.php(933): App\Controllers\ApiController->addCategory()
10 SYSTEMPATH/CodeIgniter.php(507): CodeIgniter\CodeIgniter->runController()
11 SYSTEMPATH/CodeIgniter.php(354): CodeIgniter\CodeIgniter->handleRequest()
12 SYSTEMPATH/Boot.php(334): CodeIgniter\CodeIgniter->run()
13 SYSTEMPATH/Boot.php(67): CodeIgniter\Boot::runCodeIgniter()
14 FCPATH/index.php(59): CodeIgniter\Boot::bootWeb()
CRITICAL - 2025-06-05 13:42:45 --> Error: Class "App\Controllers\AdminModel" not found
[Method: POST, Route: addCategory]
in APPPATH/Controllers/ApiController.php on line 85.
 1 SYSTEMPATH/CodeIgniter.php(933): App\Controllers\ApiController->addCategory()
 2 SYSTEMPATH/CodeIgniter.php(507): CodeIgniter\CodeIgniter->runController()
 3 SYSTEMPATH/CodeIgniter.php(354): CodeIgniter\CodeIgniter->handleRequest()
 4 SYSTEMPATH/Boot.php(334): CodeIgniter\CodeIgniter->run()
 5 SYSTEMPATH/Boot.php(67): CodeIgniter\Boot::runCodeIgniter()
 6 FCPATH/index.php(59): CodeIgniter\Boot::bootWeb()
CRITICAL - 2025-06-05 13:43:09 --> Error: Class "App\Controllers\AdminModel" not found
[Method: POST, Route: addCategory]
in APPPATH/Controllers/ApiController.php on line 85.
 1 SYSTEMPATH/CodeIgniter.php(933): App\Controllers\ApiController->addCategory()
 2 SYSTEMPATH/CodeIgniter.php(507): CodeIgniter\CodeIgniter->runController()
 3 SYSTEMPATH/CodeIgniter.php(354): CodeIgniter\CodeIgniter->handleRequest()
 4 SYSTEMPATH/Boot.php(334): CodeIgniter\CodeIgniter->run()
 5 SYSTEMPATH/Boot.php(67): CodeIgniter\Boot::runCodeIgniter()
 6 FCPATH/index.php(59): CodeIgniter\Boot::bootWeb()
CRITICAL - 2025-06-05 13:46:20 --> ErrorException: mkdir(): Permission denied
[Method: POST, Route: addCategory]
in SYSTEMPATH/HTTP/Files/UploadedFile.php on line 181.
 1 [internal function]: CodeIgniter\Debug\Exceptions->errorHandler()
 2 SYSTEMPATH/HTTP/Files/UploadedFile.php(181): mkdir()
 3 SYSTEMPATH/HTTP/Files/UploadedFile.php(135): CodeIgniter\HTTP\Files\UploadedFile->setPath()
 4 APPPATH/Controllers/ApiController.php(99): CodeIgniter\HTTP\Files\UploadedFile->move()
 5 SYSTEMPATH/CodeIgniter.php(933): App\Controllers\ApiController->addCategory()
 6 SYSTEMPATH/CodeIgniter.php(507): CodeIgniter\CodeIgniter->runController()
 7 SYSTEMPATH/CodeIgniter.php(354): CodeIgniter\CodeIgniter->handleRequest()
 8 SYSTEMPATH/Boot.php(334): CodeIgniter\CodeIgniter->run()
 9 SYSTEMPATH/Boot.php(67): CodeIgniter\Boot::runCodeIgniter()
10 FCPATH/index.php(59): CodeIgniter\Boot::bootWeb()
CRITICAL - 2025-06-05 13:46:20 --> ErrorException: mkdir(): Permission denied
[Method: POST, Route: addCategory]
in SYSTEMPATH/HTTP/Files/UploadedFile.php on line 181.
 1 [internal function]: CodeIgniter\Debug\Exceptions->errorHandler()
 2 SYSTEMPATH/HTTP/Files/UploadedFile.php(181): mkdir()
 3 SYSTEMPATH/HTTP/Files/UploadedFile.php(135): CodeIgniter\HTTP\Files\UploadedFile->setPath()
 4 APPPATH/Controllers/ApiController.php(99): CodeIgniter\HTTP\Files\UploadedFile->move()
 5 SYSTEMPATH/CodeIgniter.php(933): App\Controllers\ApiController->addCategory()
 6 SYSTEMPATH/CodeIgniter.php(507): CodeIgniter\CodeIgniter->runController()
 7 SYSTEMPATH/CodeIgniter.php(354): CodeIgniter\CodeIgniter->handleRequest()
 8 SYSTEMPATH/Boot.php(334): CodeIgniter\CodeIgniter->run()
 9 SYSTEMPATH/Boot.php(67): CodeIgniter\Boot::runCodeIgniter()
10 FCPATH/index.php(59): CodeIgniter\Boot::bootWeb()
