CRITICAL - 2025-07-02 08:33:34 --> CodeIgniter\Exceptions\BadMethodCallException: Call to undefined method App\Models\ApiModel::order
[Method: GET, Route: orders_history]
in SYSTEMPATH/Model.php on line 930.
 1 APPPATH/Controllers/ApiController.php(1053): CodeIgniter\Model->__call()
 2 SYSTEMPATH/CodeIgniter.php(933): App\Controllers\ApiController->totalOrderHistory()
 3 SYSTEMPATH/CodeIgniter.php(507): CodeIgniter\CodeIgniter->runController()
 4 SYSTEMPATH/CodeIgniter.php(354): CodeIgniter\CodeIgniter->handleRequest()
 5 SYSTEMPATH/Boot.php(334): CodeIgniter\CodeIgniter->run()
 6 SYSTEMPATH/Boot.php(67): CodeIgniter\Boot::runCodeIgniter()
 7 FCPATH/index.php(59): CodeIgniter\Boot::bootWeb()
CRITICAL - 2025-07-02 08:33:37 --> CodeIgniter\Exceptions\BadMethodCallException: Call to undefined method App\Models\ApiModel::order
[Method: GET, Route: orders_history]
in SYSTEMPATH/Model.php on line 930.
 1 APPPATH/Controllers/ApiController.php(1053): CodeIgniter\Model->__call()
 2 SYSTEMPATH/CodeIgniter.php(933): App\Controllers\ApiController->totalOrderHistory()
 3 SYSTEMPATH/CodeIgniter.php(507): CodeIgniter\CodeIgniter->runController()
 4 SYSTEMPATH/CodeIgniter.php(354): CodeIgniter\CodeIgniter->handleRequest()
 5 SYSTEMPATH/Boot.php(334): CodeIgniter\CodeIgniter->run()
 6 SYSTEMPATH/Boot.php(67): CodeIgniter\Boot::runCodeIgniter()
 7 FCPATH/index.php(59): CodeIgniter\Boot::bootWeb()
